Sep 23, 2013 2:11:51 AM org.apache.catalina.core.AprLifecycleListener init
INFO: The APR based Apache Tomcat Native library which allows optimal performance in production environments was not found on the java.library.path: /usr/java/packages/lib/i386:/lib:/usr/lib
Sep 23, 2013 2:11:52 AM org.apache.coyote.AbstractProtocol init
INFO: Initializing ProtocolHandler ["http-bio-127.2.220.129-8080"]
Sep 23, 2013 2:11:53 AM org.apache.coyote.AbstractProtocol init
INFO: Initializing ProtocolHandler ["ajp-bio-127.8.97.129-15009"]
Sep 23, 2013 2:11:53 AM org.apache.coyote.AbstractProtocol init
SEVERE: Failed to initialize end point associated with ProtocolHandler ["ajp-bio-127.8.97.129-15009"]
java.net.BindException: Permission denied /127.8.97.129:15009
	at org.apache.tomcat.util.net.JIoEndpoint.bind(JIoEndpoint.java:406)
	at org.apache.tomcat.util.net.AbstractEndpoint.init(AbstractEndpoint.java:610)
	at org.apache.coyote.AbstractProtocol.init(AbstractProtocol.java:429)
	at org.apache.catalina.connector.Connector.initInternal(Connector.java:981)
	at org.apache.catalina.util.LifecycleBase.init(LifecycleBase.java:102)
	at org.apache.catalina.core.StandardService.initInternal(StandardService.java:559)
	at org.apache.catalina.util.LifecycleBase.init(LifecycleBase.java:102)
	at org.apache.catalina.core.StandardServer.initInternal(StandardServer.java:814)
	at org.apache.catalina.util.LifecycleBase.init(LifecycleBase.java:102)
	at org.apache.catalina.startup.Catalina.load(Catalina.java:640)
	at org.apache.catalina.startup.Catalina.load(Catalina.java:665)
	at sun.reflect.NativeMethodAccessorImpl.invoke0(Native Method)
	at sun.reflect.NativeMethodAccessorImpl.invoke(NativeMethodAccessorImpl.java:57)
	at sun.reflect.DelegatingMethodAccessorImpl.invoke(DelegatingMethodAccessorImpl.java:43)
	at java.lang.reflect.Method.invoke(Method.java:606)
	at org.apache.catalina.startup.Bootstrap.load(Bootstrap.java:281)
	at org.apache.catalina.startup.Bootstrap.main(Bootstrap.java:455)
Caused by: java.net.BindException: Permission denied
	at java.net.PlainSocketImpl.socketBind(Native Method)
	at java.net.AbstractPlainSocketImpl.bind(AbstractPlainSocketImpl.java:376)
	at java.net.ServerSocket.bind(ServerSocket.java:376)
	at java.net.ServerSocket.<init>(ServerSocket.java:237)
	at org.apache.tomcat.util.net.DefaultServerSocketFactory.createSocket(DefaultServerSocketFactory.java:55)
	at org.apache.tomcat.util.net.JIoEndpoint.bind(JIoEndpoint.java:396)
	... 16 more

Sep 23, 2013 2:11:53 AM org.apache.catalina.core.StandardService initInternal
SEVERE: Failed to initialize connector [Connector[AJP/1.3-15009]]
org.apache.catalina.LifecycleException: Failed to initialize component [Connector[AJP/1.3-15009]]
	at org.apache.catalina.util.LifecycleBase.init(LifecycleBase.java:106)
	at org.apache.catalina.core.StandardService.initInternal(StandardService.java:559)
	at org.apache.catalina.util.LifecycleBase.init(LifecycleBase.java:102)
	at org.apache.catalina.core.StandardServer.initInternal(StandardServer.java:814)
	at org.apache.catalina.util.LifecycleBase.init(LifecycleBase.java:102)
	at org.apache.catalina.startup.Catalina.load(Catalina.java:640)
	at org.apache.catalina.startup.Catalina.load(Catalina.java:665)
	at sun.reflect.NativeMethodAccessorImpl.invoke0(Native Method)
	at sun.reflect.NativeMethodAccessorImpl.invoke(NativeMethodAccessorImpl.java:57)
	at sun.reflect.DelegatingMethodAccessorImpl.invoke(DelegatingMethodAccessorImpl.java:43)
	at java.lang.reflect.Method.invoke(Method.java:606)
	at org.apache.catalina.startup.Bootstrap.load(Bootstrap.java:281)
	at org.apache.catalina.startup.Bootstrap.main(Bootstrap.java:455)
Caused by: org.apache.catalina.LifecycleException: Protocol handler initialization failed
	at org.apache.catalina.connector.Connector.initInternal(Connector.java:983)
	at org.apache.catalina.util.LifecycleBase.init(LifecycleBase.java:102)
	... 12 more
Caused by: java.net.BindException: Permission denied /127.8.97.129:15009
	at org.apache.tomcat.util.net.JIoEndpoint.bind(JIoEndpoint.java:406)
	at org.apache.tomcat.util.net.AbstractEndpoint.init(AbstractEndpoint.java:610)
	at org.apache.coyote.AbstractProtocol.init(AbstractProtocol.java:429)
	at org.apache.catalina.connector.Connector.initInternal(Connector.java:981)
	... 13 more
Caused by: java.net.BindException: Permission denied
	at java.net.PlainSocketImpl.socketBind(Native Method)
	at java.net.AbstractPlainSocketImpl.bind(AbstractPlainSocketImpl.java:376)
	at java.net.ServerSocket.bind(ServerSocket.java:376)
	at java.net.ServerSocket.<init>(ServerSocket.java:237)
	at org.apache.tomcat.util.net.DefaultServerSocketFactory.createSocket(DefaultServerSocketFactory.java:55)
	at org.apache.tomcat.util.net.JIoEndpoint.bind(JIoEndpoint.java:396)
	... 16 more

Sep 23, 2013 2:11:53 AM org.apache.catalina.startup.Catalina load
INFO: Initialization processed in 2802 ms
Sep 23, 2013 2:11:53 AM org.mule.module.tomcat.MuleTomcatListener doStart
INFO: Starting Mule
Sep 23, 2013 2:11:56 AM org.apache.catalina.core.StandardService startInternal
INFO: Starting service Catalina
Sep 23, 2013 2:11:56 AM org.apache.catalina.core.StandardEngine startInternal
INFO: Starting Servlet Engine: Apache Tomcat/7.0.42
Sep 23, 2013 2:11:56 AM org.apache.catalina.startup.HostConfig deployDirectory
INFO: Deploying web application directory /var/lib/openshift/523fd42c5973ca5d51000228/app-root/data/muletomcat/webapps/ROOT
Sep 23, 2013 2:13:09 AM org.apache.catalina.util.SessionIdGenerator createSecureRandom
INFO: Creation of SecureRandom instance for session ID generation using [SHA1PRNG] took [125] milliseconds.
Sep 23, 2013 2:13:09 AM org.apache.catalina.startup.HostConfig deployDirectory
INFO: Deploying web application directory /var/lib/openshift/523fd42c5973ca5d51000228/app-root/data/muletomcat/webapps/host-manager
Sep 23, 2013 2:14:00 AM org.apache.catalina.startup.HostConfig deployDirectory
INFO: Deploying web application directory /var/lib/openshift/523fd42c5973ca5d51000228/app-root/data/muletomcat/webapps/crmreqresp
Sep 23, 2013 2:15:29 AM org.apache.catalina.startup.HostConfig deployDirectory
INFO: Deploying web application directory /var/lib/openshift/523fd42c5973ca5d51000228/app-root/data/muletomcat/webapps/examples
Sep 23, 2013 2:16:53 AM org.apache.catalina.startup.HostConfig deployDirectory
INFO: Deploying web application directory /var/lib/openshift/523fd42c5973ca5d51000228/app-root/data/muletomcat/webapps/manager
Sep 23, 2013 2:17:51 AM org.apache.catalina.startup.HostConfig deployDirectory
INFO: Deploying web application directory /var/lib/openshift/523fd42c5973ca5d51000228/app-root/data/muletomcat/webapps/docs
Sep 23, 2013 2:19:03 AM org.apache.coyote.AbstractProtocol start
INFO: Starting ProtocolHandler ["http-bio-127.2.220.129-8080"]
Sep 23, 2013 2:19:03 AM org.apache.catalina.startup.Catalina start
INFO: Server startup in 430272 ms
Sep 23, 2013 2:22:38 AM org.apache.catalina.core.AprLifecycleListener init
INFO: The APR based Apache Tomcat Native library which allows optimal performance in production environments was not found on the java.library.path: /usr/java/packages/lib/i386:/lib:/usr/lib
Sep 23, 2013 2:22:44 AM org.apache.coyote.AbstractProtocol init
INFO: Initializing ProtocolHandler ["http-bio-127.2.220.129-8080"]
Sep 23, 2013 2:22:44 AM org.apache.coyote.AbstractProtocol init
SEVERE: Failed to initialize end point associated with ProtocolHandler ["http-bio-127.2.220.129-8080"]
java.net.BindException: Address already in use /127.2.220.129:8080
	at org.apache.tomcat.util.net.JIoEndpoint.bind(JIoEndpoint.java:406)
	at org.apache.tomcat.util.net.AbstractEndpoint.init(AbstractEndpoint.java:610)
	at org.apache.coyote.AbstractProtocol.init(AbstractProtocol.java:429)
	at org.apache.coyote.http11.AbstractHttp11JsseProtocol.init(AbstractHttp11JsseProtocol.java:119)
	at org.apache.catalina.connector.Connector.initInternal(Connector.java:981)
	at org.apache.catalina.util.LifecycleBase.init(LifecycleBase.java:102)
	at org.apache.catalina.core.StandardService.initInternal(StandardService.java:559)
	at org.apache.catalina.util.LifecycleBase.init(LifecycleBase.java:102)
	at org.apache.catalina.core.StandardServer.initInternal(StandardServer.java:814)
	at org.apache.catalina.util.LifecycleBase.init(LifecycleBase.java:102)
	at org.apache.catalina.startup.Catalina.load(Catalina.java:640)
	at org.apache.catalina.startup.Catalina.load(Catalina.java:665)
	at sun.reflect.NativeMethodAccessorImpl.invoke0(Native Method)
	at sun.reflect.NativeMethodAccessorImpl.invoke(NativeMethodAccessorImpl.java:57)
	at sun.reflect.DelegatingMethodAccessorImpl.invoke(DelegatingMethodAccessorImpl.java:43)
	at java.lang.reflect.Method.invoke(Method.java:606)
	at org.apache.catalina.startup.Bootstrap.load(Bootstrap.java:281)
	at org.apache.catalina.startup.Bootstrap.main(Bootstrap.java:455)
Caused by: java.net.BindException: Address already in use
	at java.net.PlainSocketImpl.socketBind(Native Method)
	at java.net.AbstractPlainSocketImpl.bind(AbstractPlainSocketImpl.java:376)
	at java.net.ServerSocket.bind(ServerSocket.java:376)
	at java.net.ServerSocket.<init>(ServerSocket.java:237)
	at org.apache.tomcat.util.net.DefaultServerSocketFactory.createSocket(DefaultServerSocketFactory.java:55)
	at org.apache.tomcat.util.net.JIoEndpoint.bind(JIoEndpoint.java:396)
	... 17 more

Sep 23, 2013 2:22:44 AM org.apache.catalina.core.StandardService initInternal
SEVERE: Failed to initialize connector [Connector[HTTP/1.1-8080]]
org.apache.catalina.LifecycleException: Failed to initialize component [Connector[HTTP/1.1-8080]]
	at org.apache.catalina.util.LifecycleBase.init(LifecycleBase.java:106)
	at org.apache.catalina.core.StandardService.initInternal(StandardService.java:559)
	at org.apache.catalina.util.LifecycleBase.init(LifecycleBase.java:102)
	at org.apache.catalina.core.StandardServer.initInternal(StandardServer.java:814)
	at org.apache.catalina.util.LifecycleBase.init(LifecycleBase.java:102)
	at org.apache.catalina.startup.Catalina.load(Catalina.java:640)
	at org.apache.catalina.startup.Catalina.load(Catalina.java:665)
	at sun.reflect.NativeMethodAccessorImpl.invoke0(Native Method)
	at sun.reflect.NativeMethodAccessorImpl.invoke(NativeMethodAccessorImpl.java:57)
	at sun.reflect.DelegatingMethodAccessorImpl.invoke(DelegatingMethodAccessorImpl.java:43)
	at java.lang.reflect.Method.invoke(Method.java:606)
	at org.apache.catalina.startup.Bootstrap.load(Bootstrap.java:281)
	at org.apache.catalina.startup.Bootstrap.main(Bootstrap.java:455)
Caused by: org.apache.catalina.LifecycleException: Protocol handler initialization failed
	at org.apache.catalina.connector.Connector.initInternal(Connector.java:983)
	at org.apache.catalina.util.LifecycleBase.init(LifecycleBase.java:102)
	... 12 more
Caused by: java.net.BindException: Address already in use /127.2.220.129:8080
	at org.apache.tomcat.util.net.JIoEndpoint.bind(JIoEndpoint.java:406)
	at org.apache.tomcat.util.net.AbstractEndpoint.init(AbstractEndpoint.java:610)
	at org.apache.coyote.AbstractProtocol.init(AbstractProtocol.java:429)
	at org.apache.coyote.http11.AbstractHttp11JsseProtocol.init(AbstractHttp11JsseProtocol.java:119)
	at org.apache.catalina.connector.Connector.initInternal(Connector.java:981)
	... 13 more
Caused by: java.net.BindException: Address already in use
	at java.net.PlainSocketImpl.socketBind(Native Method)
	at java.net.AbstractPlainSocketImpl.bind(AbstractPlainSocketImpl.java:376)
	at java.net.ServerSocket.bind(ServerSocket.java:376)
	at java.net.ServerSocket.<init>(ServerSocket.java:237)
	at org.apache.tomcat.util.net.DefaultServerSocketFactory.createSocket(DefaultServerSocketFactory.java:55)
	at org.apache.tomcat.util.net.JIoEndpoint.bind(JIoEndpoint.java:396)
	... 17 more

Sep 23, 2013 2:22:44 AM org.apache.coyote.AbstractProtocol init
INFO: Initializing ProtocolHandler ["ajp-bio-127.2.220.129-15009"]
Sep 23, 2013 2:22:44 AM org.apache.catalina.startup.Catalina load
INFO: Initialization processed in 9547 ms
Sep 23, 2013 2:22:44 AM org.mule.module.tomcat.MuleTomcatListener doStart
INFO: Starting Mule
Sep 23, 2013 2:23:00 AM org.apache.catalina.core.StandardService startInternal
INFO: Starting service Catalina
Sep 23, 2013 2:23:00 AM org.apache.catalina.core.StandardEngine startInternal
INFO: Starting Servlet Engine: Apache Tomcat/7.0.42
Sep 23, 2013 2:23:01 AM org.apache.catalina.startup.HostConfig deployDirectory
INFO: Deploying web application directory /var/lib/openshift/523fd42c5973ca5d51000228/app-root/data/muletomcat/webapps/ROOT
Sep 23, 2013 2:47:05 AM org.apache.catalina.core.AprLifecycleListener init
INFO: The APR based Apache Tomcat Native library which allows optimal performance in production environments was not found on the java.library.path: /usr/java/packages/lib/i386:/lib:/usr/lib
Sep 23, 2013 2:47:06 AM org.apache.coyote.AbstractProtocol init
INFO: Initializing ProtocolHandler ["http-bio-127.2.220.129-8080"]
Sep 23, 2013 2:47:06 AM org.apache.coyote.AbstractProtocol init
INFO: Initializing ProtocolHandler ["ajp-bio-127.2.220.129-15009"]
Sep 23, 2013 2:47:06 AM org.apache.catalina.startup.Catalina load
INFO: Initialization processed in 2685 ms
Sep 23, 2013 2:47:06 AM org.mule.module.tomcat.MuleTomcatListener doStart
INFO: Starting Mule
Sep 23, 2013 2:47:09 AM org.apache.catalina.core.StandardService startInternal
INFO: Starting service Catalina
Sep 23, 2013 2:47:09 AM org.apache.catalina.core.StandardEngine startInternal
INFO: Starting Servlet Engine: Apache Tomcat/7.0.42
Sep 23, 2013 2:47:09 AM org.apache.catalina.startup.HostConfig deployDirectory
INFO: Deploying web application directory /var/lib/openshift/523fd42c5973ca5d51000228/app-root/data/muletomcat/webapps/ROOT
Sep 23, 2013 2:47:47 AM org.apache.catalina.util.SessionIdGenerator createSecureRandom
INFO: Creation of SecureRandom instance for session ID generation using [SHA1PRNG] took [209] milliseconds.
Sep 23, 2013 2:47:47 AM org.apache.catalina.startup.HostConfig deployDirectory
INFO: Deploying web application directory /var/lib/openshift/523fd42c5973ca5d51000228/app-root/data/muletomcat/webapps/host-manager
Sep 23, 2013 2:48:20 AM org.apache.catalina.startup.HostConfig deployDirectory
INFO: Deploying web application directory /var/lib/openshift/523fd42c5973ca5d51000228/app-root/data/muletomcat/webapps/crmreqresp
Sep 23, 2013 2:49:00 AM org.apache.catalina.startup.HostConfig deployDirectory
INFO: Deploying web application directory /var/lib/openshift/523fd42c5973ca5d51000228/app-root/data/muletomcat/webapps/examples
Sep 23, 2013 2:49:51 AM org.apache.catalina.startup.HostConfig deployDirectory
INFO: Deploying web application directory /var/lib/openshift/523fd42c5973ca5d51000228/app-root/data/muletomcat/webapps/manager
Sep 23, 2013 2:50:47 AM org.apache.catalina.startup.HostConfig deployDirectory
INFO: Deploying web application directory /var/lib/openshift/523fd42c5973ca5d51000228/app-root/data/muletomcat/webapps/docs
Sep 23, 2013 2:51:35 AM org.apache.coyote.AbstractProtocol start
INFO: Starting ProtocolHandler ["http-bio-127.2.220.129-8080"]
Sep 23, 2013 2:51:35 AM org.apache.coyote.AbstractProtocol start
INFO: Starting ProtocolHandler ["ajp-bio-127.2.220.129-15009"]
Sep 23, 2013 2:51:35 AM org.apache.catalina.startup.Catalina start
INFO: Server startup in 269078 ms
Sep 23, 2013 3:30:54 AM org.apache.catalina.core.StandardServer await
INFO: A valid shutdown command was received via the shutdown port. Stopping the Server instance.
Sep 23, 2013 3:30:54 AM org.mule.module.tomcat.MuleTomcatListener doStop
INFO: Stopping Mule
Sep 23, 2013 3:30:54 AM org.apache.coyote.AbstractProtocol pause
INFO: Pausing ProtocolHandler ["http-bio-127.2.220.129-8080"]
Sep 23, 2013 3:30:54 AM org.apache.coyote.AbstractProtocol pause
INFO: Pausing ProtocolHandler ["ajp-bio-127.2.220.129-15009"]
Sep 23, 2013 3:30:54 AM org.apache.catalina.core.StandardService stopInternal
INFO: Stopping service Catalina
Sep 23, 2013 3:30:55 AM org.apache.catalina.loader.WebappClassLoader clearReferencesJdbc
SEVERE: The web application [/crmreqresp] registered the JDBC driver [com.mysql.jdbc.Driver] but failed to unregister it when the web application was stopped. To prevent a memory leak, the JDBC Driver has been forcibly unregistered.
Sep 23, 2013 3:30:56 AM org.apache.catalina.loader.WebappClassLoader clearReferencesThreads
SEVERE: The web application [/crmreqresp] appears to have started a thread named [Abandoned connection cleanup thread] but has failed to stop it. This is very likely to create a memory leak.
Sep 23, 2013 3:30:56 AM org.apache.coyote.AbstractProtocol stop
INFO: Stopping ProtocolHandler ["http-bio-127.2.220.129-8080"]
Sep 23, 2013 3:30:56 AM org.apache.coyote.AbstractProtocol stop
INFO: Stopping ProtocolHandler ["ajp-bio-127.2.220.129-15009"]
Sep 23, 2013 3:30:56 AM org.apache.coyote.AbstractProtocol destroy
INFO: Destroying ProtocolHandler ["http-bio-127.2.220.129-8080"]
Sep 23, 2013 3:30:56 AM org.apache.coyote.AbstractProtocol destroy
INFO: Destroying ProtocolHandler ["ajp-bio-127.2.220.129-15009"]
Sep 23, 2013 3:39:22 AM org.apache.tomcat.util.digester.Digester fatalError
SEVERE: Parse Fatal Error at line 22 column 2: The markup in the document preceding the root element must be well-formed.
org.xml.sax.SAXParseException; systemId: file:/var/lib/openshift/523fd42c5973ca5d51000228/app-root/data/muletomcat/conf/server.xml; lineNumber: 22; columnNumber: 2; The markup in the document preceding the root element must be well-formed.
	at com.sun.org.apache.xerces.internal.util.ErrorHandlerWrapper.createSAXParseException(ErrorHandlerWrapper.java:198)
	at com.sun.org.apache.xerces.internal.util.ErrorHandlerWrapper.fatalError(ErrorHandlerWrapper.java:177)
	at com.sun.org.apache.xerces.internal.impl.XMLErrorReporter.reportError(XMLErrorReporter.java:441)
	at com.sun.org.apache.xerces.internal.impl.XMLErrorReporter.reportError(XMLErrorReporter.java:368)
	at com.sun.org.apache.xerces.internal.impl.XMLScanner.reportFatalError(XMLScanner.java:1388)
	at com.sun.org.apache.xerces.internal.impl.XMLDocumentScannerImpl$PrologDriver.next(XMLDocumentScannerImpl.java:883)
	at com.sun.org.apache.xerces.internal.impl.XMLDocumentScannerImpl.next(XMLDocumentScannerImpl.java:606)
	at com.sun.org.apache.xerces.internal.impl.XMLDocumentFragmentScannerImpl.scanDocument(XMLDocumentFragmentScannerImpl.java:509)
	at com.sun.org.apache.xerces.internal.parsers.XML11Configuration.parse(XML11Configuration.java:858)
	at com.sun.org.apache.xerces.internal.parsers.XML11Configuration.parse(XML11Configuration.java:787)
	at com.sun.org.apache.xerces.internal.parsers.XMLParser.parse(XMLParser.java:123)
	at com.sun.org.apache.xerces.internal.parsers.AbstractSAXParser.parse(AbstractSAXParser.java:1210)
	at com.sun.org.apache.xerces.internal.jaxp.SAXParserImpl$JAXPSAXParser.parse(SAXParserImpl.java:590)
	at org.apache.tomcat.util.digester.Digester.parse(Digester.java:1537)
	at org.apache.catalina.startup.Catalina.load(Catalina.java:617)
	at org.apache.catalina.startup.Catalina.load(Catalina.java:665)
	at sun.reflect.NativeMethodAccessorImpl.invoke0(Native Method)
	at sun.reflect.NativeMethodAccessorImpl.invoke(NativeMethodAccessorImpl.java:57)
	at sun.reflect.DelegatingMethodAccessorImpl.invoke(DelegatingMethodAccessorImpl.java:43)
	at java.lang.reflect.Method.invoke(Method.java:606)
	at org.apache.catalina.startup.Bootstrap.load(Bootstrap.java:281)
	at org.apache.catalina.startup.Bootstrap.main(Bootstrap.java:455)

Sep 23, 2013 3:39:23 AM org.apache.catalina.startup.Catalina load
WARNING: Catalina.start using conf/server.xml: The markup in the document preceding the root element must be well-formed.
Sep 23, 2013 3:39:23 AM org.apache.tomcat.util.digester.Digester fatalError
SEVERE: Parse Fatal Error at line 22 column 2: The markup in the document preceding the root element must be well-formed.
org.xml.sax.SAXParseException; systemId: file:/var/lib/openshift/523fd42c5973ca5d51000228/app-root/data/muletomcat/conf/server.xml; lineNumber: 22; columnNumber: 2; The markup in the document preceding the root element must be well-formed.
	at com.sun.org.apache.xerces.internal.util.ErrorHandlerWrapper.createSAXParseException(ErrorHandlerWrapper.java:198)
	at com.sun.org.apache.xerces.internal.util.ErrorHandlerWrapper.fatalError(ErrorHandlerWrapper.java:177)
	at com.sun.org.apache.xerces.internal.impl.XMLErrorReporter.reportError(XMLErrorReporter.java:441)
	at com.sun.org.apache.xerces.internal.impl.XMLErrorReporter.reportError(XMLErrorReporter.java:368)
	at com.sun.org.apache.xerces.internal.impl.XMLScanner.reportFatalError(XMLScanner.java:1388)
	at com.sun.org.apache.xerces.internal.impl.XMLDocumentScannerImpl$PrologDriver.next(XMLDocumentScannerImpl.java:883)
	at com.sun.org.apache.xerces.internal.impl.XMLDocumentScannerImpl.next(XMLDocumentScannerImpl.java:606)
	at com.sun.org.apache.xerces.internal.impl.XMLDocumentFragmentScannerImpl.scanDocument(XMLDocumentFragmentScannerImpl.java:509)
	at com.sun.org.apache.xerces.internal.parsers.XML11Configuration.parse(XML11Configuration.java:858)
	at com.sun.org.apache.xerces.internal.parsers.XML11Configuration.parse(XML11Configuration.java:787)
	at com.sun.org.apache.xerces.internal.parsers.XMLParser.parse(XMLParser.java:123)
	at com.sun.org.apache.xerces.internal.parsers.AbstractSAXParser.parse(AbstractSAXParser.java:1210)
	at com.sun.org.apache.xerces.internal.jaxp.SAXParserImpl$JAXPSAXParser.parse(SAXParserImpl.java:590)
	at org.apache.tomcat.util.digester.Digester.parse(Digester.java:1537)
	at org.apache.catalina.startup.Catalina.load(Catalina.java:617)
	at org.apache.catalina.startup.Catalina.start(Catalina.java:679)
	at sun.reflect.NativeMethodAccessorImpl.invoke0(Native Method)
	at sun.reflect.NativeMethodAccessorImpl.invoke(NativeMethodAccessorImpl.java:57)
	at sun.reflect.DelegatingMethodAccessorImpl.invoke(DelegatingMethodAccessorImpl.java:43)
	at java.lang.reflect.Method.invoke(Method.java:606)
	at org.apache.catalina.startup.Bootstrap.start(Bootstrap.java:322)
	at org.apache.catalina.startup.Bootstrap.main(Bootstrap.java:456)

Sep 23, 2013 3:39:23 AM org.apache.catalina.startup.Catalina load
WARNING: Catalina.start using conf/server.xml: The markup in the document preceding the root element must be well-formed.
Sep 23, 2013 3:39:23 AM org.apache.catalina.startup.Catalina start
SEVERE: Cannot start server. Server instance is not configured.
Sep 23, 2013 3:59:02 AM org.apache.catalina.core.AprLifecycleListener init
INFO: The APR based Apache Tomcat Native library which allows optimal performance in production environments was not found on the java.library.path: /usr/java/packages/lib/i386:/lib:/usr/lib
Sep 23, 2013 3:59:07 AM org.apache.coyote.AbstractProtocol init
INFO: Initializing ProtocolHandler ["http-bio-127.2.220.129-8080"]
Sep 23, 2013 3:59:07 AM org.apache.coyote.AbstractProtocol init
INFO: Initializing ProtocolHandler ["ajp-bio-127.2.220.129-15009"]
Sep 23, 2013 3:59:07 AM org.apache.catalina.startup.Catalina load
INFO: Initialization processed in 10551 ms
Sep 23, 2013 3:59:08 AM org.mule.module.tomcat.MuleTomcatListener doStart
INFO: Starting Mule
Sep 23, 2013 3:59:26 AM org.apache.catalina.core.StandardService startInternal
INFO: Starting service Catalina
Sep 23, 2013 3:59:26 AM org.apache.catalina.core.StandardEngine startInternal
INFO: Starting Servlet Engine: Apache Tomcat/7.0.42
Sep 23, 2013 3:59:27 AM org.apache.catalina.startup.HostConfig deployDirectory
INFO: Deploying web application directory /var/lib/openshift/523fd42c5973ca5d51000228/app-root/data/muletomcat/webapps/ROOT
Sep 23, 2013 4:04:13 AM org.apache.catalina.core.AprLifecycleListener init
INFO: The APR based Apache Tomcat Native library which allows optimal performance in production environments was not found on the java.library.path: /usr/java/packages/lib/i386:/lib:/usr/lib
Sep 23, 2013 4:04:25 AM org.apache.coyote.AbstractProtocol init
INFO: Initializing ProtocolHandler ["http-bio-127.2.220.129-8080"]
Sep 23, 2013 4:04:26 AM org.apache.coyote.AbstractProtocol init
SEVERE: Failed to initialize end point associated with ProtocolHandler ["http-bio-127.2.220.129-8080"]
java.net.BindException: Address already in use /127.2.220.129:8080
	at org.apache.tomcat.util.net.JIoEndpoint.bind(JIoEndpoint.java:406)
	at org.apache.tomcat.util.net.AbstractEndpoint.init(AbstractEndpoint.java:610)
	at org.apache.coyote.AbstractProtocol.init(AbstractProtocol.java:429)
	at org.apache.coyote.http11.AbstractHttp11JsseProtocol.init(AbstractHttp11JsseProtocol.java:119)
	at org.apache.catalina.connector.Connector.initInternal(Connector.java:981)
	at org.apache.catalina.util.LifecycleBase.init(LifecycleBase.java:102)
	at org.apache.catalina.core.StandardService.initInternal(StandardService.java:559)
	at org.apache.catalina.util.LifecycleBase.init(LifecycleBase.java:102)
	at org.apache.catalina.core.StandardServer.initInternal(StandardServer.java:814)
	at org.apache.catalina.util.LifecycleBase.init(LifecycleBase.java:102)
	at org.apache.catalina.startup.Catalina.load(Catalina.java:640)
	at org.apache.catalina.startup.Catalina.load(Catalina.java:665)
	at sun.reflect.NativeMethodAccessorImpl.invoke0(Native Method)
	at sun.reflect.NativeMethodAccessorImpl.invoke(NativeMethodAccessorImpl.java:57)
	at sun.reflect.DelegatingMethodAccessorImpl.invoke(DelegatingMethodAccessorImpl.java:43)
	at java.lang.reflect.Method.invoke(Method.java:606)
	at org.apache.catalina.startup.Bootstrap.load(Bootstrap.java:281)
	at org.apache.catalina.startup.Bootstrap.main(Bootstrap.java:455)
Caused by: java.net.BindException: Address already in use
	at java.net.PlainSocketImpl.socketBind(Native Method)
	at java.net.AbstractPlainSocketImpl.bind(AbstractPlainSocketImpl.java:376)
	at java.net.ServerSocket.bind(ServerSocket.java:376)
	at java.net.ServerSocket.<init>(ServerSocket.java:237)
	at org.apache.tomcat.util.net.DefaultServerSocketFactory.createSocket(DefaultServerSocketFactory.java:55)
	at org.apache.tomcat.util.net.JIoEndpoint.bind(JIoEndpoint.java:396)
	... 17 more

Sep 23, 2013 4:04:26 AM org.apache.catalina.core.StandardService initInternal
SEVERE: Failed to initialize connector [Connector[HTTP/1.1-8080]]
org.apache.catalina.LifecycleException: Failed to initialize component [Connector[HTTP/1.1-8080]]
	at org.apache.catalina.util.LifecycleBase.init(LifecycleBase.java:106)
	at org.apache.catalina.core.StandardService.initInternal(StandardService.java:559)
	at org.apache.catalina.util.LifecycleBase.init(LifecycleBase.java:102)
	at org.apache.catalina.core.StandardServer.initInternal(StandardServer.java:814)
	at org.apache.catalina.util.LifecycleBase.init(LifecycleBase.java:102)
	at org.apache.catalina.startup.Catalina.load(Catalina.java:640)
	at org.apache.catalina.startup.Catalina.load(Catalina.java:665)
	at sun.reflect.NativeMethodAccessorImpl.invoke0(Native Method)
	at sun.reflect.NativeMethodAccessorImpl.invoke(NativeMethodAccessorImpl.java:57)
	at sun.reflect.DelegatingMethodAccessorImpl.invoke(DelegatingMethodAccessorImpl.java:43)
	at java.lang.reflect.Method.invoke(Method.java:606)
	at org.apache.catalina.startup.Bootstrap.load(Bootstrap.java:281)
	at org.apache.catalina.startup.Bootstrap.main(Bootstrap.java:455)
Caused by: org.apache.catalina.LifecycleException: Protocol handler initialization failed
	at org.apache.catalina.connector.Connector.initInternal(Connector.java:983)
	at org.apache.catalina.util.LifecycleBase.init(LifecycleBase.java:102)
	... 12 more
Caused by: java.net.BindException: Address already in use /127.2.220.129:8080
	at org.apache.tomcat.util.net.JIoEndpoint.bind(JIoEndpoint.java:406)
	at org.apache.tomcat.util.net.AbstractEndpoint.init(AbstractEndpoint.java:610)
	at org.apache.coyote.AbstractProtocol.init(AbstractProtocol.java:429)
	at org.apache.coyote.http11.AbstractHttp11JsseProtocol.init(AbstractHttp11JsseProtocol.java:119)
	at org.apache.catalina.connector.Connector.initInternal(Connector.java:981)
	... 13 more
Caused by: java.net.BindException: Address already in use
	at java.net.PlainSocketImpl.socketBind(Native Method)
	at java.net.AbstractPlainSocketImpl.bind(AbstractPlainSocketImpl.java:376)
	at java.net.ServerSocket.bind(ServerSocket.java:376)
	at java.net.ServerSocket.<init>(ServerSocket.java:237)
	at org.apache.tomcat.util.net.DefaultServerSocketFactory.createSocket(DefaultServerSocketFactory.java:55)
	at org.apache.tomcat.util.net.JIoEndpoint.bind(JIoEndpoint.java:396)
	... 17 more

Sep 23, 2013 4:04:26 AM org.apache.coyote.AbstractProtocol init
INFO: Initializing ProtocolHandler ["ajp-bio-127.2.220.129-15009"]
Sep 23, 2013 4:04:27 AM org.apache.coyote.AbstractProtocol init
SEVERE: Failed to initialize end point associated with ProtocolHandler ["ajp-bio-127.2.220.129-15009"]
java.net.BindException: Address already in use /127.2.220.129:15009
	at org.apache.tomcat.util.net.JIoEndpoint.bind(JIoEndpoint.java:406)
	at org.apache.tomcat.util.net.AbstractEndpoint.init(AbstractEndpoint.java:610)
	at org.apache.coyote.AbstractProtocol.init(AbstractProtocol.java:429)
	at org.apache.catalina.connector.Connector.initInternal(Connector.java:981)
	at org.apache.catalina.util.LifecycleBase.init(LifecycleBase.java:102)
	at org.apache.catalina.core.StandardService.initInternal(StandardService.java:559)
	at org.apache.catalina.util.LifecycleBase.init(LifecycleBase.java:102)
	at org.apache.catalina.core.StandardServer.initInternal(StandardServer.java:814)
	at org.apache.catalina.util.LifecycleBase.init(LifecycleBase.java:102)
	at org.apache.catalina.startup.Catalina.load(Catalina.java:640)
	at org.apache.catalina.startup.Catalina.load(Catalina.java:665)
	at sun.reflect.NativeMethodAccessorImpl.invoke0(Native Method)
	at sun.reflect.NativeMethodAccessorImpl.invoke(NativeMethodAccessorImpl.java:57)
	at sun.reflect.DelegatingMethodAccessorImpl.invoke(DelegatingMethodAccessorImpl.java:43)
	at java.lang.reflect.Method.invoke(Method.java:606)
	at org.apache.catalina.startup.Bootstrap.load(Bootstrap.java:281)
	at org.apache.catalina.startup.Bootstrap.main(Bootstrap.java:455)
Caused by: java.net.BindException: Address already in use
	at java.net.PlainSocketImpl.socketBind(Native Method)
	at java.net.AbstractPlainSocketImpl.bind(AbstractPlainSocketImpl.java:376)
	at java.net.ServerSocket.bind(ServerSocket.java:376)
	at java.net.ServerSocket.<init>(ServerSocket.java:237)
	at org.apache.tomcat.util.net.DefaultServerSocketFactory.createSocket(DefaultServerSocketFactory.java:55)
	at org.apache.tomcat.util.net.JIoEndpoint.bind(JIoEndpoint.java:396)
	... 16 more

Sep 23, 2013 4:04:27 AM org.apache.catalina.core.StandardService initInternal
SEVERE: Failed to initialize connector [Connector[AJP/1.3-15009]]
org.apache.catalina.LifecycleException: Failed to initialize component [Connector[AJP/1.3-15009]]
	at org.apache.catalina.util.LifecycleBase.init(LifecycleBase.java:106)
	at org.apache.catalina.core.StandardService.initInternal(StandardService.java:559)
	at org.apache.catalina.util.LifecycleBase.init(LifecycleBase.java:102)
	at org.apache.catalina.core.StandardServer.initInternal(StandardServer.java:814)
	at org.apache.catalina.util.LifecycleBase.init(LifecycleBase.java:102)
	at org.apache.catalina.startup.Catalina.load(Catalina.java:640)
	at org.apache.catalina.startup.Catalina.load(Catalina.java:665)
	at sun.reflect.NativeMethodAccessorImpl.invoke0(Native Method)
	at sun.reflect.NativeMethodAccessorImpl.invoke(NativeMethodAccessorImpl.java:57)
	at sun.reflect.DelegatingMethodAccessorImpl.invoke(DelegatingMethodAccessorImpl.java:43)
	at java.lang.reflect.Method.invoke(Method.java:606)
	at org.apache.catalina.startup.Bootstrap.load(Bootstrap.java:281)
	at org.apache.catalina.startup.Bootstrap.main(Bootstrap.java:455)
Caused by: org.apache.catalina.LifecycleException: Protocol handler initialization failed
	at org.apache.catalina.connector.Connector.initInternal(Connector.java:983)
	at org.apache.catalina.util.LifecycleBase.init(LifecycleBase.java:102)
	... 12 more
Caused by: java.net.BindException: Address already in use /127.2.220.129:15009
	at org.apache.tomcat.util.net.JIoEndpoint.bind(JIoEndpoint.java:406)
	at org.apache.tomcat.util.net.AbstractEndpoint.init(AbstractEndpoint.java:610)
	at org.apache.coyote.AbstractProtocol.init(AbstractProtocol.java:429)
	at org.apache.catalina.connector.Connector.initInternal(Connector.java:981)
	... 13 more
Caused by: java.net.BindException: Address already in use
	at java.net.PlainSocketImpl.socketBind(Native Method)
	at java.net.AbstractPlainSocketImpl.bind(AbstractPlainSocketImpl.java:376)
	at java.net.ServerSocket.bind(ServerSocket.java:376)
	at java.net.ServerSocket.<init>(ServerSocket.java:237)
	at org.apache.tomcat.util.net.DefaultServerSocketFactory.createSocket(DefaultServerSocketFactory.java:55)
	at org.apache.tomcat.util.net.JIoEndpoint.bind(JIoEndpoint.java:396)
	... 16 more

Sep 23, 2013 4:04:27 AM org.apache.catalina.startup.Catalina load
INFO: Initialization processed in 24802 ms
Sep 23, 2013 4:04:27 AM org.mule.module.tomcat.MuleTomcatListener doStart
INFO: Starting Mule
Sep 23, 2013 4:04:56 AM org.apache.catalina.core.StandardService startInternal
INFO: Starting service Catalina
Sep 23, 2013 4:04:56 AM org.apache.catalina.core.StandardEngine startInternal
INFO: Starting Servlet Engine: Apache Tomcat/7.0.42
Sep 23, 2013 4:04:56 AM org.apache.catalina.startup.HostConfig deployDirectory
INFO: Deploying web application directory /var/lib/openshift/523fd42c5973ca5d51000228/app-root/data/muletomcat/webapps/ROOT
Sep 23, 2013 4:07:05 AM org.apache.catalina.util.SessionIdGenerator createSecureRandom
INFO: Creation of SecureRandom instance for session ID generation using [SHA1PRNG] took [700] milliseconds.
Sep 23, 2013 4:07:06 AM org.apache.catalina.startup.HostConfig deployDirectory
INFO: Deploying web application directory /var/lib/openshift/523fd42c5973ca5d51000228/app-root/data/muletomcat/webapps/host-manager
Sep 23, 2013 4:08:09 AM org.apache.catalina.startup.HostConfig deployDirectory
INFO: Deploying web application directory /var/lib/openshift/523fd42c5973ca5d51000228/app-root/data/muletomcat/webapps/crmreqresp
Sep 23, 2013 4:09:47 AM org.apache.catalina.startup.HostConfig deployDirectory
INFO: Deploying web application directory /var/lib/openshift/523fd42c5973ca5d51000228/app-root/data/muletomcat/webapps/examples
Sep 23, 2013 4:13:00 AM org.apache.catalina.startup.HostConfig deployDirectory
INFO: Deploying web application directory /var/lib/openshift/523fd42c5973ca5d51000228/app-root/data/muletomcat/webapps/manager
Sep 23, 2013 4:14:48 AM org.apache.catalina.startup.HostConfig deployDirectory
INFO: Deploying web application directory /var/lib/openshift/523fd42c5973ca5d51000228/app-root/data/muletomcat/webapps/docs
Sep 23, 2013 4:17:05 AM org.apache.catalina.startup.Catalina start
INFO: Server startup in 758022 ms
Sep 23, 2013 4:47:40 AM org.apache.catalina.core.AprLifecycleListener init
INFO: The APR based Apache Tomcat Native library which allows optimal performance in production environments was not found on the java.library.path: /usr/java/packages/lib/i386:/lib:/usr/lib
Sep 23, 2013 4:47:44 AM org.apache.coyote.AbstractProtocol init
INFO: Initializing ProtocolHandler ["http-bio-127.2.220.129-8080"]
Sep 23, 2013 4:47:44 AM org.apache.coyote.AbstractProtocol init
INFO: Initializing ProtocolHandler ["ajp-bio-127.2.220.129-15009"]
Sep 23, 2013 4:47:45 AM org.apache.catalina.startup.Catalina load
INFO: Initialization processed in 12668 ms
Sep 23, 2013 4:47:45 AM org.mule.module.tomcat.MuleTomcatListener doStart
INFO: Starting Mule
Sep 23, 2013 4:52:30 AM org.apache.catalina.core.AprLifecycleListener init
INFO: The APR based Apache Tomcat Native library which allows optimal performance in production environments was not found on the java.library.path: /usr/java/packages/lib/i386:/lib:/usr/lib
Sep 23, 2013 4:52:31 AM org.apache.coyote.AbstractProtocol init
INFO: Initializing ProtocolHandler ["http-bio-127.2.220.129-8080"]
Sep 23, 2013 4:52:31 AM org.apache.coyote.AbstractProtocol init
INFO: Initializing ProtocolHandler ["ajp-bio-127.2.220.129-15009"]
Sep 23, 2013 4:52:31 AM org.apache.catalina.startup.Catalina load
INFO: Initialization processed in 2727 ms
Sep 23, 2013 4:52:31 AM org.mule.module.tomcat.MuleTomcatListener doStart
INFO: Starting Mule
Sep 23, 2013 4:52:37 AM org.apache.catalina.core.StandardService startInternal
INFO: Starting service Catalina
Sep 23, 2013 4:52:37 AM org.apache.catalina.core.StandardEngine startInternal
INFO: Starting Servlet Engine: Apache Tomcat/7.0.42
Sep 23, 2013 4:52:37 AM org.apache.catalina.startup.HostConfig deployDirectory
INFO: Deploying web application directory /var/lib/openshift/523fd42c5973ca5d51000228/app-root/data/muletomcat/webapps/ROOT
Sep 23, 2013 4:52:58 AM org.apache.catalina.core.AprLifecycleListener init
INFO: The APR based Apache Tomcat Native library which allows optimal performance in production environments was not found on the java.library.path: /usr/java/packages/lib/i386:/lib:/usr/lib
Sep 23, 2013 4:52:59 AM org.apache.coyote.AbstractProtocol init
INFO: Initializing ProtocolHandler ["http-bio-127.2.220.129-8080"]
Sep 23, 2013 4:52:59 AM org.apache.coyote.AbstractProtocol init
SEVERE: Failed to initialize end point associated with ProtocolHandler ["http-bio-127.2.220.129-8080"]
java.net.BindException: Address already in use /127.2.220.129:8080
	at org.apache.tomcat.util.net.JIoEndpoint.bind(JIoEndpoint.java:406)
	at org.apache.tomcat.util.net.AbstractEndpoint.init(AbstractEndpoint.java:610)
	at org.apache.coyote.AbstractProtocol.init(AbstractProtocol.java:429)
	at org.apache.coyote.http11.AbstractHttp11JsseProtocol.init(AbstractHttp11JsseProtocol.java:119)
	at org.apache.catalina.connector.Connector.initInternal(Connector.java:981)
	at org.apache.catalina.util.LifecycleBase.init(LifecycleBase.java:102)
	at org.apache.catalina.core.StandardService.initInternal(StandardService.java:559)
	at org.apache.catalina.util.LifecycleBase.init(LifecycleBase.java:102)
	at org.apache.catalina.core.StandardServer.initInternal(StandardServer.java:814)
	at org.apache.catalina.util.LifecycleBase.init(LifecycleBase.java:102)
	at org.apache.catalina.startup.Catalina.load(Catalina.java:640)
	at org.apache.catalina.startup.Catalina.load(Catalina.java:665)
	at sun.reflect.NativeMethodAccessorImpl.invoke0(Native Method)
	at sun.reflect.NativeMethodAccessorImpl.invoke(NativeMethodAccessorImpl.java:57)
	at sun.reflect.DelegatingMethodAccessorImpl.invoke(DelegatingMethodAccessorImpl.java:43)
	at java.lang.reflect.Method.invoke(Method.java:606)
	at org.apache.catalina.startup.Bootstrap.load(Bootstrap.java:281)
	at org.apache.catalina.startup.Bootstrap.main(Bootstrap.java:455)
Caused by: java.net.BindException: Address already in use
	at java.net.PlainSocketImpl.socketBind(Native Method)
	at java.net.AbstractPlainSocketImpl.bind(AbstractPlainSocketImpl.java:376)
	at java.net.ServerSocket.bind(ServerSocket.java:376)
	at java.net.ServerSocket.<init>(ServerSocket.java:237)
	at org.apache.tomcat.util.net.DefaultServerSocketFactory.createSocket(DefaultServerSocketFactory.java:55)
	at org.apache.tomcat.util.net.JIoEndpoint.bind(JIoEndpoint.java:396)
	... 17 more

Sep 23, 2013 4:52:59 AM org.apache.catalina.core.StandardService initInternal
SEVERE: Failed to initialize connector [Connector[HTTP/1.1-8080]]
org.apache.catalina.LifecycleException: Failed to initialize component [Connector[HTTP/1.1-8080]]
	at org.apache.catalina.util.LifecycleBase.init(LifecycleBase.java:106)
	at org.apache.catalina.core.StandardService.initInternal(StandardService.java:559)
	at org.apache.catalina.util.LifecycleBase.init(LifecycleBase.java:102)
	at org.apache.catalina.core.StandardServer.initInternal(StandardServer.java:814)
	at org.apache.catalina.util.LifecycleBase.init(LifecycleBase.java:102)
	at org.apache.catalina.startup.Catalina.load(Catalina.java:640)
	at org.apache.catalina.startup.Catalina.load(Catalina.java:665)
	at sun.reflect.NativeMethodAccessorImpl.invoke0(Native Method)
	at sun.reflect.NativeMethodAccessorImpl.invoke(NativeMethodAccessorImpl.java:57)
	at sun.reflect.DelegatingMethodAccessorImpl.invoke(DelegatingMethodAccessorImpl.java:43)
	at java.lang.reflect.Method.invoke(Method.java:606)
	at org.apache.catalina.startup.Bootstrap.load(Bootstrap.java:281)
	at org.apache.catalina.startup.Bootstrap.main(Bootstrap.java:455)
Caused by: org.apache.catalina.LifecycleException: Protocol handler initialization failed
	at org.apache.catalina.connector.Connector.initInternal(Connector.java:983)
	at org.apache.catalina.util.LifecycleBase.init(LifecycleBase.java:102)
	... 12 more
Caused by: java.net.BindException: Address already in use /127.2.220.129:8080
	at org.apache.tomcat.util.net.JIoEndpoint.bind(JIoEndpoint.java:406)
	at org.apache.tomcat.util.net.AbstractEndpoint.init(AbstractEndpoint.java:610)
	at org.apache.coyote.AbstractProtocol.init(AbstractProtocol.java:429)
	at org.apache.coyote.http11.AbstractHttp11JsseProtocol.init(AbstractHttp11JsseProtocol.java:119)
	at org.apache.catalina.connector.Connector.initInternal(Connector.java:981)
	... 13 more
Caused by: java.net.BindException: Address already in use
	at java.net.PlainSocketImpl.socketBind(Native Method)
	at java.net.AbstractPlainSocketImpl.bind(AbstractPlainSocketImpl.java:376)
	at java.net.ServerSocket.bind(ServerSocket.java:376)
	at java.net.ServerSocket.<init>(ServerSocket.java:237)
	at org.apache.tomcat.util.net.DefaultServerSocketFactory.createSocket(DefaultServerSocketFactory.java:55)
	at org.apache.tomcat.util.net.JIoEndpoint.bind(JIoEndpoint.java:396)
	... 17 more

Sep 23, 2013 4:52:59 AM org.apache.coyote.AbstractProtocol init
INFO: Initializing ProtocolHandler ["ajp-bio-127.2.220.129-15009"]
Sep 23, 2013 4:52:59 AM org.apache.coyote.AbstractProtocol init
SEVERE: Failed to initialize end point associated with ProtocolHandler ["ajp-bio-127.2.220.129-15009"]
java.net.BindException: Address already in use /127.2.220.129:15009
	at org.apache.tomcat.util.net.JIoEndpoint.bind(JIoEndpoint.java:406)
	at org.apache.tomcat.util.net.AbstractEndpoint.init(AbstractEndpoint.java:610)
	at org.apache.coyote.AbstractProtocol.init(AbstractProtocol.java:429)
	at org.apache.catalina.connector.Connector.initInternal(Connector.java:981)
	at org.apache.catalina.util.LifecycleBase.init(LifecycleBase.java:102)
	at org.apache.catalina.core.StandardService.initInternal(StandardService.java:559)
	at org.apache.catalina.util.LifecycleBase.init(LifecycleBase.java:102)
	at org.apache.catalina.core.StandardServer.initInternal(StandardServer.java:814)
	at org.apache.catalina.util.LifecycleBase.init(LifecycleBase.java:102)
	at org.apache.catalina.startup.Catalina.load(Catalina.java:640)
	at org.apache.catalina.startup.Catalina.load(Catalina.java:665)
	at sun.reflect.NativeMethodAccessorImpl.invoke0(Native Method)
	at sun.reflect.NativeMethodAccessorImpl.invoke(NativeMethodAccessorImpl.java:57)
	at sun.reflect.DelegatingMethodAccessorImpl.invoke(DelegatingMethodAccessorImpl.java:43)
	at java.lang.reflect.Method.invoke(Method.java:606)
	at org.apache.catalina.startup.Bootstrap.load(Bootstrap.java:281)
	at org.apache.catalina.startup.Bootstrap.main(Bootstrap.java:455)
Caused by: java.net.BindException: Address already in use
	at java.net.PlainSocketImpl.socketBind(Native Method)
	at java.net.AbstractPlainSocketImpl.bind(AbstractPlainSocketImpl.java:376)
	at java.net.ServerSocket.bind(ServerSocket.java:376)
	at java.net.ServerSocket.<init>(ServerSocket.java:237)
	at org.apache.tomcat.util.net.DefaultServerSocketFactory.createSocket(DefaultServerSocketFactory.java:55)
	at org.apache.tomcat.util.net.JIoEndpoint.bind(JIoEndpoint.java:396)
	... 16 more

Sep 23, 2013 4:52:59 AM org.apache.catalina.core.StandardService initInternal
SEVERE: Failed to initialize connector [Connector[AJP/1.3-15009]]
org.apache.catalina.LifecycleException: Failed to initialize component [Connector[AJP/1.3-15009]]
	at org.apache.catalina.util.LifecycleBase.init(LifecycleBase.java:106)
	at org.apache.catalina.core.StandardService.initInternal(StandardService.java:559)
	at org.apache.catalina.util.LifecycleBase.init(LifecycleBase.java:102)
	at org.apache.catalina.core.StandardServer.initInternal(StandardServer.java:814)
	at org.apache.catalina.util.LifecycleBase.init(LifecycleBase.java:102)
	at org.apache.catalina.startup.Catalina.load(Catalina.java:640)
	at org.apache.catalina.startup.Catalina.load(Catalina.java:665)
	at sun.reflect.NativeMethodAccessorImpl.invoke0(Native Method)
	at sun.reflect.NativeMethodAccessorImpl.invoke(NativeMethodAccessorImpl.java:57)
	at sun.reflect.DelegatingMethodAccessorImpl.invoke(DelegatingMethodAccessorImpl.java:43)
	at java.lang.reflect.Method.invoke(Method.java:606)
	at org.apache.catalina.startup.Bootstrap.load(Bootstrap.java:281)
	at org.apache.catalina.startup.Bootstrap.main(Bootstrap.java:455)
Caused by: org.apache.catalina.LifecycleException: Protocol handler initialization failed
	at org.apache.catalina.connector.Connector.initInternal(Connector.java:983)
	at org.apache.catalina.util.LifecycleBase.init(LifecycleBase.java:102)
	... 12 more
Caused by: java.net.BindException: Address already in use /127.2.220.129:15009
	at org.apache.tomcat.util.net.JIoEndpoint.bind(JIoEndpoint.java:406)
	at org.apache.tomcat.util.net.AbstractEndpoint.init(AbstractEndpoint.java:610)
	at org.apache.coyote.AbstractProtocol.init(AbstractProtocol.java:429)
	at org.apache.catalina.connector.Connector.initInternal(Connector.java:981)
	... 13 more
Caused by: java.net.BindException: Address already in use
	at java.net.PlainSocketImpl.socketBind(Native Method)
	at java.net.AbstractPlainSocketImpl.bind(AbstractPlainSocketImpl.java:376)
	at java.net.ServerSocket.bind(ServerSocket.java:376)
	at java.net.ServerSocket.<init>(ServerSocket.java:237)
	at org.apache.tomcat.util.net.DefaultServerSocketFactory.createSocket(DefaultServerSocketFactory.java:55)
	at org.apache.tomcat.util.net.JIoEndpoint.bind(JIoEndpoint.java:396)
	... 16 more

Sep 23, 2013 4:52:59 AM org.apache.catalina.startup.Catalina load
INFO: Initialization processed in 2937 ms
Sep 23, 2013 4:52:59 AM org.mule.module.tomcat.MuleTomcatListener doStart
INFO: Starting Mule
Sep 23, 2013 4:53:07 AM org.apache.catalina.core.StandardService startInternal
INFO: Starting service Catalina
Sep 23, 2013 4:53:07 AM org.apache.catalina.core.StandardEngine startInternal
INFO: Starting Servlet Engine: Apache Tomcat/7.0.42
Sep 23, 2013 4:53:07 AM org.apache.catalina.startup.HostConfig deployDirectory
INFO: Deploying web application directory /var/lib/openshift/523fd42c5973ca5d51000228/app-root/data/muletomcat/webapps/ROOT
Sep 23, 2013 5:01:39 AM org.apache.catalina.core.AprLifecycleListener init
INFO: The APR based Apache Tomcat Native library which allows optimal performance in production environments was not found on the java.library.path: /usr/java/packages/lib/i386:/lib:/usr/lib
Sep 23, 2013 5:01:40 AM org.apache.coyote.AbstractProtocol init
INFO: Initializing ProtocolHandler ["http-bio-127.2.220.129-8080"]
Sep 23, 2013 5:01:40 AM org.apache.coyote.AbstractProtocol init
INFO: Initializing ProtocolHandler ["ajp-bio-127.2.220.129-15009"]
Sep 23, 2013 5:01:40 AM org.apache.catalina.startup.Catalina load
INFO: Initialization processed in 2979 ms
Sep 23, 2013 5:01:40 AM org.mule.module.tomcat.MuleTomcatListener doStart
INFO: Starting Mule
Sep 23, 2013 5:01:44 AM org.apache.catalina.core.StandardService startInternal
INFO: Starting service Catalina
Sep 23, 2013 5:01:44 AM org.apache.catalina.core.StandardEngine startInternal
INFO: Starting Servlet Engine: Apache Tomcat/7.0.42
Sep 23, 2013 5:01:44 AM org.apache.catalina.startup.HostConfig deployDirectory
INFO: Deploying web application directory /var/lib/openshift/523fd42c5973ca5d51000228/app-root/data/muletomcat/webapps/ROOT
Sep 23, 2013 5:03:35 AM org.apache.catalina.util.SessionIdGenerator createSecureRandom
INFO: Creation of SecureRandom instance for session ID generation using [SHA1PRNG] took [2,008] milliseconds.
Sep 23, 2013 5:03:36 AM org.apache.catalina.startup.HostConfig deployDirectory
INFO: Deploying web application directory /var/lib/openshift/523fd42c5973ca5d51000228/app-root/data/muletomcat/webapps/host-manager
Sep 23, 2013 5:05:11 AM org.apache.catalina.startup.HostConfig deployDirectory
INFO: Deploying web application directory /var/lib/openshift/523fd42c5973ca5d51000228/app-root/data/muletomcat/webapps/crmreqresp
Sep 23, 2013 5:06:54 AM org.apache.catalina.startup.HostConfig deployDirectory
INFO: Deploying web application directory /var/lib/openshift/523fd42c5973ca5d51000228/app-root/data/muletomcat/webapps/examples
Sep 23, 2013 5:08:31 AM org.apache.catalina.startup.HostConfig deployDirectory
INFO: Deploying web application directory /var/lib/openshift/523fd42c5973ca5d51000228/app-root/data/muletomcat/webapps/manager
Sep 23, 2013 5:09:52 AM org.apache.catalina.startup.HostConfig deployDirectory
INFO: Deploying web application directory /var/lib/openshift/523fd42c5973ca5d51000228/app-root/data/muletomcat/webapps/docs
Sep 23, 2013 5:11:26 AM org.apache.catalina.util.SessionIdGenerator createSecureRandom
INFO: Creation of SecureRandom instance for session ID generation using [SHA1PRNG] took [284] milliseconds.
Sep 23, 2013 5:11:27 AM org.apache.coyote.AbstractProtocol start
INFO: Starting ProtocolHandler ["http-bio-127.2.220.129-8080"]
Sep 23, 2013 5:11:27 AM org.apache.coyote.AbstractProtocol start
INFO: Starting ProtocolHandler ["ajp-bio-127.2.220.129-15009"]
Sep 23, 2013 5:11:27 AM org.apache.catalina.startup.Catalina start
INFO: Server startup in 586630 ms
Sep 23, 2013 6:00:56 AM org.apache.catalina.core.StandardServer await
INFO: A valid shutdown command was received via the shutdown port. Stopping the Server instance.
Sep 23, 2013 6:00:56 AM org.mule.module.tomcat.MuleTomcatListener doStop
INFO: Stopping Mule
Sep 23, 2013 6:00:56 AM org.apache.coyote.AbstractProtocol pause
INFO: Pausing ProtocolHandler ["http-bio-127.2.220.129-8080"]
Sep 23, 2013 6:00:56 AM org.apache.coyote.AbstractProtocol pause
INFO: Pausing ProtocolHandler ["ajp-bio-127.2.220.129-15009"]
Sep 23, 2013 6:00:56 AM org.apache.catalina.core.StandardService stopInternal
INFO: Stopping service Catalina
Sep 23, 2013 6:00:57 AM org.apache.catalina.loader.WebappClassLoader clearReferencesJdbc
SEVERE: The web application [/crmreqresp] registered the JDBC driver [com.mysql.jdbc.Driver] but failed to unregister it when the web application was stopped. To prevent a memory leak, the JDBC Driver has been forcibly unregistered.
Sep 23, 2013 6:00:58 AM org.apache.catalina.loader.WebappClassLoader clearReferencesThreads
SEVERE: The web application [/crmreqresp] appears to have started a thread named [Abandoned connection cleanup thread] but has failed to stop it. This is very likely to create a memory leak.
Sep 23, 2013 6:00:59 AM org.apache.coyote.AbstractProtocol stop
INFO: Stopping ProtocolHandler ["http-bio-127.2.220.129-8080"]
Sep 23, 2013 6:00:59 AM org.apache.coyote.AbstractProtocol stop
INFO: Stopping ProtocolHandler ["ajp-bio-127.2.220.129-15009"]
Sep 23, 2013 6:00:59 AM org.apache.coyote.AbstractProtocol destroy
INFO: Destroying ProtocolHandler ["http-bio-127.2.220.129-8080"]
Sep 23, 2013 6:00:59 AM org.apache.coyote.AbstractProtocol destroy
INFO: Destroying ProtocolHandler ["ajp-bio-127.2.220.129-15009"]
Sep 23, 2013 6:05:21 AM org.apache.catalina.core.AprLifecycleListener init
INFO: The APR based Apache Tomcat Native library which allows optimal performance in production environments was not found on the java.library.path: /usr/java/packages/lib/i386:/lib:/usr/lib
Sep 23, 2013 6:05:27 AM org.apache.coyote.AbstractProtocol init
INFO: Initializing ProtocolHandler ["http-bio-127.2.220.129-8080"]
Sep 23, 2013 6:05:27 AM org.apache.coyote.AbstractProtocol init
INFO: Initializing ProtocolHandler ["ajp-bio-127.2.220.129-15009"]
Sep 23, 2013 6:05:27 AM org.apache.catalina.startup.Catalina load
INFO: Initialization processed in 13132 ms
Sep 23, 2013 6:05:27 AM org.mule.module.tomcat.MuleTomcatListener doStart
INFO: Starting Mule
Sep 23, 2013 6:05:42 AM org.apache.catalina.core.StandardService startInternal
INFO: Starting service Catalina
Sep 23, 2013 6:05:43 AM org.apache.catalina.core.StandardEngine startInternal
INFO: Starting Servlet Engine: Apache Tomcat/7.0.42
Sep 23, 2013 6:05:43 AM org.apache.catalina.startup.HostConfig deployDirectory
INFO: Deploying web application directory /var/lib/openshift/523fd42c5973ca5d51000228/app-root/data/muletomcat/webapps/ROOT
Sep 23, 2013 6:07:12 AM org.apache.catalina.util.SessionIdGenerator createSecureRandom
INFO: Creation of SecureRandom instance for session ID generation using [SHA1PRNG] took [585] milliseconds.
Sep 23, 2013 6:07:13 AM org.apache.catalina.startup.HostConfig deployDirectory
INFO: Deploying web application directory /var/lib/openshift/523fd42c5973ca5d51000228/app-root/data/muletomcat/webapps/host-manager
Sep 23, 2013 6:08:26 AM org.apache.catalina.startup.HostConfig deployDirectory
INFO: Deploying web application directory /var/lib/openshift/523fd42c5973ca5d51000228/app-root/data/muletomcat/webapps/crmreqresp
Sep 23, 2013 6:11:11 AM org.apache.catalina.startup.HostConfig deployDirectory
INFO: Deploying web application directory /var/lib/openshift/523fd42c5973ca5d51000228/app-root/data/muletomcat/webapps/examples
Sep 23, 2013 6:12:29 AM org.apache.catalina.startup.HostConfig deployDirectory
INFO: Deploying web application directory /var/lib/openshift/523fd42c5973ca5d51000228/app-root/data/muletomcat/webapps/manager
Sep 23, 2013 6:13:18 AM org.apache.catalina.startup.HostConfig deployDirectory
INFO: Deploying web application directory /var/lib/openshift/523fd42c5973ca5d51000228/app-root/data/muletomcat/webapps/docs
Sep 23, 2013 6:14:04 AM org.apache.coyote.AbstractProtocol start
INFO: Starting ProtocolHandler ["http-bio-127.2.220.129-8080"]
Sep 23, 2013 6:14:04 AM org.apache.coyote.AbstractProtocol start
INFO: Starting ProtocolHandler ["ajp-bio-127.2.220.129-15009"]
Sep 23, 2013 6:14:04 AM org.apache.catalina.startup.Catalina start
INFO: Server startup in 516956 ms
Sep 23, 2013 6:15:35 AM org.apache.catalina.core.StandardServer await
INFO: A valid shutdown command was received via the shutdown port. Stopping the Server instance.
Sep 23, 2013 6:15:35 AM org.mule.module.tomcat.MuleTomcatListener doStop
INFO: Stopping Mule
Sep 23, 2013 6:15:36 AM org.apache.coyote.AbstractProtocol pause
INFO: Pausing ProtocolHandler ["http-bio-127.2.220.129-8080"]
Sep 23, 2013 6:15:36 AM org.apache.coyote.AbstractProtocol pause
INFO: Pausing ProtocolHandler ["ajp-bio-127.2.220.129-15009"]
Sep 23, 2013 6:15:36 AM org.apache.catalina.core.StandardService stopInternal
INFO: Stopping service Catalina
Sep 23, 2013 6:15:36 AM org.apache.catalina.loader.WebappClassLoader clearReferencesJdbc
SEVERE: The web application [/crmreqresp] registered the JDBC driver [com.mysql.jdbc.Driver] but failed to unregister it when the web application was stopped. To prevent a memory leak, the JDBC Driver has been forcibly unregistered.
Sep 23, 2013 6:15:38 AM org.apache.catalina.loader.WebappClassLoader clearReferencesThreads
SEVERE: The web application [/crmreqresp] appears to have started a thread named [Abandoned connection cleanup thread] but has failed to stop it. This is very likely to create a memory leak.
Sep 23, 2013 6:15:38 AM org.apache.coyote.AbstractProtocol stop
INFO: Stopping ProtocolHandler ["http-bio-127.2.220.129-8080"]
Sep 23, 2013 6:15:38 AM org.apache.coyote.AbstractProtocol stop
INFO: Stopping ProtocolHandler ["ajp-bio-127.2.220.129-15009"]
Sep 23, 2013 6:15:38 AM org.apache.coyote.AbstractProtocol destroy
INFO: Destroying ProtocolHandler ["http-bio-127.2.220.129-8080"]
Sep 23, 2013 6:15:38 AM org.apache.coyote.AbstractProtocol destroy
INFO: Destroying ProtocolHandler ["ajp-bio-127.2.220.129-15009"]
<<<<<<< HEAD
Sep 23, 2013 10:24:25 AM org.apache.catalina.core.AprLifecycleListener init
INFO: The APR based Apache Tomcat Native library which allows optimal performance in production environments was not found on the java.library.path: /usr/java/packages/lib/i386:/lib:/usr/lib
Sep 23, 2013 10:24:27 AM org.apache.coyote.AbstractProtocol init
INFO: Initializing ProtocolHandler ["http-bio-127.2.220.129-8080"]
Sep 23, 2013 10:24:27 AM org.apache.coyote.AbstractProtocol init
INFO: Initializing ProtocolHandler ["ajp-bio-127.2.220.129-15009"]
Sep 23, 2013 10:24:27 AM org.apache.catalina.startup.Catalina load
INFO: Initialization processed in 4587 ms
Sep 23, 2013 10:24:27 AM org.mule.module.tomcat.MuleTomcatListener doStart
INFO: Starting Mule
Sep 23, 2013 10:24:33 AM org.apache.catalina.core.StandardService startInternal
INFO: Starting service Catalina
Sep 23, 2013 10:24:33 AM org.apache.catalina.core.StandardEngine startInternal
INFO: Starting Servlet Engine: Apache Tomcat/7.0.42
Sep 23, 2013 10:24:33 AM org.apache.catalina.startup.HostConfig deployDirectory
INFO: Deploying web application directory /var/lib/openshift/523fd42c5973ca5d51000228/app-root/data/muletomcat/webapps/ROOT
Sep 23, 2013 10:25:50 AM org.apache.catalina.startup.HostConfig deployDirectory
INFO: Deploying web application directory /var/lib/openshift/523fd42c5973ca5d51000228/app-root/data/muletomcat/webapps/host-manager
Sep 23, 2013 10:27:01 AM org.apache.catalina.startup.HostConfig deployDirectory
INFO: Deploying web application directory /var/lib/openshift/523fd42c5973ca5d51000228/app-root/data/muletomcat/webapps/crmreqresp
Sep 23, 2013 10:28:34 AM org.apache.catalina.startup.HostConfig deployDirectory
INFO: Deploying web application directory /var/lib/openshift/523fd42c5973ca5d51000228/app-root/data/muletomcat/webapps/examples
Sep 23, 2013 10:29:47 AM org.apache.catalina.startup.HostConfig deployDirectory
INFO: Deploying web application directory /var/lib/openshift/523fd42c5973ca5d51000228/app-root/data/muletomcat/webapps/manager
Sep 23, 2013 10:31:20 AM org.apache.catalina.startup.HostConfig deployDirectory
INFO: Deploying web application directory /var/lib/openshift/523fd42c5973ca5d51000228/app-root/data/muletomcat/webapps/docs
Sep 23, 2013 10:32:12 AM org.apache.coyote.AbstractProtocol start
INFO: Starting ProtocolHandler ["http-bio-127.2.220.129-8080"]
Sep 23, 2013 10:32:12 AM org.apache.coyote.AbstractProtocol start
INFO: Starting ProtocolHandler ["ajp-bio-127.2.220.129-15009"]
Sep 23, 2013 10:32:12 AM org.apache.catalina.startup.Catalina start
INFO: Server startup in 465665 ms
Sep 23, 2013 10:57:13 AM org.apache.catalina.core.StandardServer await
INFO: A valid shutdown command was received via the shutdown port. Stopping the Server instance.
Sep 23, 2013 10:57:13 AM org.mule.module.tomcat.MuleTomcatListener doStop
INFO: Stopping Mule
Sep 23, 2013 10:57:14 AM org.apache.coyote.AbstractProtocol pause
INFO: Pausing ProtocolHandler ["http-bio-127.2.220.129-8080"]
Sep 23, 2013 10:57:14 AM org.apache.coyote.AbstractProtocol pause
INFO: Pausing ProtocolHandler ["ajp-bio-127.2.220.129-15009"]
Sep 23, 2013 10:57:14 AM org.apache.catalina.core.StandardService stopInternal
INFO: Stopping service Catalina
Sep 23, 2013 10:57:15 AM org.apache.catalina.loader.WebappClassLoader clearReferencesJdbc
SEVERE: The web application [/crmreqresp] registered the JDBC driver [com.mysql.jdbc.Driver] but failed to unregister it when the web application was stopped. To prevent a memory leak, the JDBC Driver has been forcibly unregistered.
Sep 23, 2013 10:57:15 AM org.apache.catalina.loader.WebappClassLoader clearReferencesThreads
SEVERE: The web application [/crmreqresp] appears to have started a thread named [Abandoned connection cleanup thread] but has failed to stop it. This is very likely to create a memory leak.
Sep 23, 2013 10:57:15 AM org.apache.coyote.AbstractProtocol stop
INFO: Stopping ProtocolHandler ["http-bio-127.2.220.129-8080"]
Sep 23, 2013 10:57:15 AM org.apache.coyote.AbstractProtocol stop
INFO: Stopping ProtocolHandler ["ajp-bio-127.2.220.129-15009"]
Sep 23, 2013 10:57:15 AM org.apache.coyote.AbstractProtocol destroy
INFO: Destroying ProtocolHandler ["http-bio-127.2.220.129-8080"]
Sep 23, 2013 10:57:15 AM org.apache.coyote.AbstractProtocol destroy
INFO: Destroying ProtocolHandler ["ajp-bio-127.2.220.129-15009"]
=======
23 Sep, 2013 8:54:36 PM org.apache.catalina.core.AprLifecycleListener init
INFO: The APR based Apache Tomcat Native library which allows optimal performance in production environments was not found on the java.library.path: C:\Program Files\Java\jdk1.6.0_39\bin;C:\Windows\Sun\Java\bin;C:\Windows\system32;C:\Windows;C:\Oracle\Middleware\Oracle_FRHome1\bin;C:\app\sumit\product\11.2.0\dbhome_1\bin;C:\Program Files (x86)\NVIDIA Corporation\PhysX\Common;C:\Program Files (x86)\Intel\iCLS Client\;C:\Program Files\Intel\iCLS Client\;C:\Program Files\Common Files\Microsoft Shared\Windows Live;C:\Program Files (x86)\Common Files\Microsoft Shared\Windows Live;C:\Windows\system32;C:\Windows;C:\Windows\System32\Wbem;C:\Windows\System32\WindowsPowerShell\v1.0\;C:\Program Files (x86)\Windows Live\Shared;C:\Program Files (x86)\Intel\OpenCL SDK\2.0\bin\x86;C:\Program Files (x86)\Intel\OpenCL SDK\2.0\bin\x64;C:\Program Files\Intel\Intel(R) Management Engine Components\DAL;C:\Program Files\Intel\Intel(R) Management Engine Components\IPT;C:\Program Files (x86)\Intel\Intel(R) Management Engine Components\DAL;C:\Program Files (x86)\Intel\Intel(R) Management Engine Components\IPT;C:\Program Files\Diskeeper Corporation\ExpressCache\;C:\Oracle\Middleware\Oracle_FRHome1\opmn\bin;C:\Oracle\Middleware\Oracle_FRHome1\opmn\lib;C:\Oracle\Middleware\Oracle_FRHome1\perl\bin;C:\Program Files\Java\jre6;C:\Program Files\Java\jdk1.6.0_39;C:\Program Files (x86)\Git\cmd;C:\Program Files (x86)\Git\bin;C:\xampp\mysql\bin;c:\Program Files (x86)\Microsoft SQL Server\90\Tools\binn\;C:\Octave\3.2.4_gcc-4.4.0\bin;C:\Octave\swigwin-2.0.10;C:\Ruby193\bin;C:\Program Files (x86)\CVSNT\;.
23 Sep, 2013 8:54:37 PM org.apache.coyote.AbstractProtocol init
INFO: Initializing ProtocolHandler ["http-bio-127.2.220.129-8080"]
23 Sep, 2013 8:54:37 PM org.apache.coyote.AbstractProtocol init
INFO: Initializing ProtocolHandler ["ajp-bio-127.2.220.129-15009"]
23 Sep, 2013 8:54:37 PM org.apache.catalina.startup.Catalina load
INFO: Initialization processed in 1505 ms
23 Sep, 2013 8:54:37 PM org.mule.module.tomcat.MuleTomcatListener doStart
INFO: Starting Mule
23 Sep, 2013 8:54:38 PM org.apache.catalina.core.StandardService startInternal
INFO: Starting service Catalina
23 Sep, 2013 8:54:38 PM org.apache.catalina.core.StandardEngine startInternal
INFO: Starting Servlet Engine: Apache Tomcat/7.0.42
23 Sep, 2013 8:54:39 PM org.apache.catalina.startup.HostConfig deployDirectory
INFO: Deploying web application directory F:\apache-tomcat-7.0.42\webapps\crmreqresp
23 Sep, 2013 8:54:59 PM org.apache.catalina.startup.HostConfig deployDirectory
INFO: Deploying web application directory F:\apache-tomcat-7.0.42\webapps\docs
23 Sep, 2013 8:55:10 PM org.apache.catalina.startup.HostConfig deployDirectory
INFO: Deploying web application directory F:\apache-tomcat-7.0.42\webapps\examples
23 Sep, 2013 8:55:19 PM org.apache.catalina.startup.HostConfig deployDirectory
INFO: Deploying web application directory F:\apache-tomcat-7.0.42\webapps\host-manager
23 Sep, 2013 8:55:28 PM org.apache.catalina.startup.HostConfig deployDirectory
INFO: Deploying web application directory F:\apache-tomcat-7.0.42\webapps\manager
23 Sep, 2013 8:55:38 PM org.apache.catalina.startup.HostConfig deployDirectory
INFO: Deploying web application directory F:\apache-tomcat-7.0.42\webapps\ROOT
23 Sep, 2013 8:55:47 PM org.apache.coyote.AbstractProtocol start
INFO: Starting ProtocolHandler ["http-bio-127.2.220.129-8080"]
23 Sep, 2013 8:55:47 PM org.apache.coyote.AbstractProtocol start
INFO: Starting ProtocolHandler ["ajp-bio-127.2.220.129-15009"]
23 Sep, 2013 8:55:47 PM org.apache.catalina.startup.Catalina start
INFO: Server startup in 70386 ms
23 Sep, 2013 8:57:21 PM org.mule.module.tomcat.MuleTomcatListener doStop
INFO: Stopping Mule
23 Sep, 2013 8:57:22 PM org.apache.coyote.AbstractProtocol pause
INFO: Pausing ProtocolHandler ["http-bio-127.2.220.129-8080"]
23 Sep, 2013 8:57:22 PM org.apache.coyote.AbstractProtocol pause
INFO: Pausing ProtocolHandler ["ajp-bio-127.2.220.129-15009"]
23 Sep, 2013 8:57:22 PM org.apache.catalina.core.StandardService stopInternal
INFO: Stopping service Catalina
23 Sep, 2013 8:57:22 PM org.apache.coyote.AbstractProtocol stop
INFO: Stopping ProtocolHandler ["http-bio-127.2.220.129-8080"]
23 Sep, 2013 8:57:22 PM org.apache.coyote.AbstractProtocol stop
INFO: Stopping ProtocolHandler ["ajp-bio-127.2.220.129-15009"]
23 Sep, 2013 8:57:22 PM org.apache.coyote.AbstractProtocol destroy
INFO: Destroying ProtocolHandler ["http-bio-127.2.220.129-8080"]
23 Sep, 2013 8:57:22 PM org.apache.coyote.AbstractProtocol destroy
INFO: Destroying ProtocolHandler ["ajp-bio-127.2.220.129-15009"]
>>>>>>> 31ae32e1bd0333a0647b79423b51972a8ca2ab0c
Sep 23, 2013 12:05:16 PM org.apache.catalina.core.AprLifecycleListener init
INFO: The APR based Apache Tomcat Native library which allows optimal performance in production environments was not found on the java.library.path: /usr/java/packages/lib/i386:/lib:/usr/lib
Sep 23, 2013 12:05:21 PM org.apache.coyote.AbstractProtocol init
INFO: Initializing ProtocolHandler ["http-bio-127.2.220.129-8080"]
Sep 23, 2013 12:05:21 PM org.apache.coyote.AbstractProtocol init
INFO: Initializing ProtocolHandler ["ajp-bio-127.2.220.129-15009"]
Sep 23, 2013 12:05:21 PM org.apache.catalina.startup.Catalina load
INFO: Initialization processed in 8559 ms
Sep 23, 2013 12:05:21 PM org.mule.module.tomcat.MuleTomcatListener doStart
INFO: Starting Mule
Sep 23, 2013 12:13:06 PM org.apache.catalina.core.AprLifecycleListener init
INFO: The APR based Apache Tomcat Native library which allows optimal performance in production environments was not found on the java.library.path: /usr/java/packages/lib/i386:/lib:/usr/lib
Sep 23, 2013 12:13:09 PM org.apache.coyote.AbstractProtocol init
INFO: Initializing ProtocolHandler ["http-bio-127.2.220.129-8080"]
Sep 23, 2013 12:13:09 PM org.apache.coyote.AbstractProtocol init
INFO: Initializing ProtocolHandler ["ajp-bio-127.2.220.129-15009"]
Sep 23, 2013 12:13:09 PM org.apache.catalina.startup.Catalina load
INFO: Initialization processed in 8997 ms
Sep 23, 2013 12:13:10 PM org.mule.module.tomcat.MuleTomcatListener doStart
INFO: Starting Mule
Sep 23, 2013 12:13:19 PM org.apache.catalina.core.StandardService startInternal
INFO: Starting service Catalina
Sep 23, 2013 12:13:19 PM org.apache.catalina.core.StandardEngine startInternal
INFO: Starting Servlet Engine: Apache Tomcat/7.0.42
Sep 23, 2013 12:13:19 PM org.apache.catalina.startup.HostConfig deployDirectory
INFO: Deploying web application directory /var/lib/openshift/523fd42c5973ca5d51000228/app-root/data/muletomcat/webapps/ROOT
Sep 23, 2013 12:13:20 PM org.apache.catalina.loader.WebappClassLoader validateJarFile
INFO: validateJarFile(/var/lib/openshift/523fd42c5973ca5d51000228/app-root/data/muletomcat/webapps/ROOT/WEB-INF/lib/javaee-api-6.0.jar) - jar not loaded. See Servlet Spec 2.3, section 9.7.2. Offending class: javax/servlet/Servlet.class
Sep 23, 2013 12:15:25 PM org.apache.catalina.startup.TaglibUriRule body
INFO: TLD skipped. URI: http://java.sun.com/jstl/core is already defined
Sep 23, 2013 12:15:25 PM org.apache.catalina.startup.TaglibUriRule body
INFO: TLD skipped. URI: http://java.sun.com/jsp/jstl/xml is already defined
Sep 23, 2013 12:15:25 PM org.apache.catalina.startup.TaglibUriRule body
INFO: TLD skipped. URI: http://java.sun.com/jsp/jstl/core is already defined
Sep 23, 2013 12:15:25 PM org.apache.catalina.startup.TaglibUriRule body
INFO: TLD skipped. URI: http://java.sun.com/jstl/core_rt is already defined
Sep 23, 2013 12:15:25 PM org.apache.catalina.startup.TaglibUriRule body
INFO: TLD skipped. URI: http://java.sun.com/jsp/jstl/sql is already defined
Sep 23, 2013 12:15:25 PM org.apache.catalina.startup.TaglibUriRule body
INFO: TLD skipped. URI: http://java.sun.com/jstl/fmt is already defined
Sep 23, 2013 12:15:25 PM org.apache.catalina.startup.TaglibUriRule body
INFO: TLD skipped. URI: http://java.sun.com/jstl/sql is already defined
Sep 23, 2013 12:15:25 PM org.apache.catalina.startup.TaglibUriRule body
INFO: TLD skipped. URI: http://java.sun.com/jstl/fmt_rt is already defined
Sep 23, 2013 12:15:26 PM org.apache.catalina.startup.TaglibUriRule body
INFO: TLD skipped. URI: http://jakarta.apache.org/taglibs/standard/permittedTaglibs is already defined
Sep 23, 2013 12:15:26 PM org.apache.catalina.startup.TaglibUriRule body
INFO: TLD skipped. URI: http://java.sun.com/jsp/jstl/fmt is already defined
Sep 23, 2013 12:15:26 PM org.apache.catalina.startup.TaglibUriRule body
INFO: TLD skipped. URI: http://java.sun.com/jstl/xml is already defined
Sep 23, 2013 12:15:26 PM org.apache.catalina.startup.TaglibUriRule body
INFO: TLD skipped. URI: http://java.sun.com/jsp/jstl/functions is already defined
Sep 23, 2013 12:15:27 PM org.apache.catalina.startup.TaglibUriRule body
INFO: TLD skipped. URI: http://jakarta.apache.org/taglibs/standard/scriptfree is already defined
Sep 23, 2013 12:15:27 PM org.apache.catalina.startup.TaglibUriRule body
INFO: TLD skipped. URI: http://java.sun.com/jstl/xml_rt is already defined
Sep 23, 2013 12:15:27 PM org.apache.catalina.startup.TaglibUriRule body
INFO: TLD skipped. URI: http://java.sun.com/jstl/sql_rt is already defined
Sep 23, 2013 12:15:27 PM org.apache.catalina.startup.TaglibUriRule body
INFO: TLD skipped. URI: http://java.sun.com/jstl/core_rt is already defined
Sep 23, 2013 12:15:27 PM org.apache.catalina.startup.TaglibUriRule body
INFO: TLD skipped. URI: http://java.sun.com/jstl/core is already defined
Sep 23, 2013 12:15:27 PM org.apache.catalina.startup.TaglibUriRule body
INFO: TLD skipped. URI: http://java.sun.com/jsp/jstl/core is already defined
Sep 23, 2013 12:15:27 PM org.apache.catalina.startup.TaglibUriRule body
INFO: TLD skipped. URI: http://java.sun.com/jstl/fmt_rt is already defined
Sep 23, 2013 12:15:27 PM org.apache.catalina.startup.TaglibUriRule body
INFO: TLD skipped. URI: http://java.sun.com/jstl/fmt is already defined
Sep 23, 2013 12:15:28 PM org.apache.catalina.startup.TaglibUriRule body
INFO: TLD skipped. URI: http://java.sun.com/jsp/jstl/fmt is already defined
Sep 23, 2013 12:15:28 PM org.apache.catalina.startup.TaglibUriRule body
INFO: TLD skipped. URI: http://java.sun.com/jsp/jstl/functions is already defined
Sep 23, 2013 12:15:28 PM org.apache.catalina.startup.TaglibUriRule body
INFO: TLD skipped. URI: http://jakarta.apache.org/taglibs/standard/permittedTaglibs is already defined
Sep 23, 2013 12:15:28 PM org.apache.catalina.startup.TaglibUriRule body
INFO: TLD skipped. URI: http://jakarta.apache.org/taglibs/standard/scriptfree is already defined
Sep 23, 2013 12:15:28 PM org.apache.catalina.startup.TaglibUriRule body
INFO: TLD skipped. URI: http://java.sun.com/jstl/sql_rt is already defined
Sep 23, 2013 12:15:28 PM org.apache.catalina.startup.TaglibUriRule body
INFO: TLD skipped. URI: http://java.sun.com/jstl/sql is already defined
Sep 23, 2013 12:15:28 PM org.apache.catalina.startup.TaglibUriRule body
INFO: TLD skipped. URI: http://java.sun.com/jsp/jstl/sql is already defined
Sep 23, 2013 12:15:28 PM org.apache.catalina.startup.TaglibUriRule body
INFO: TLD skipped. URI: http://java.sun.com/jstl/xml_rt is already defined
Sep 23, 2013 12:15:28 PM org.apache.catalina.startup.TaglibUriRule body
INFO: TLD skipped. URI: http://java.sun.com/jstl/xml is already defined
Sep 23, 2013 12:15:28 PM org.apache.catalina.startup.TaglibUriRule body
INFO: TLD skipped. URI: http://java.sun.com/jsp/jstl/xml is already defined
Sep 23, 2013 12:15:31 PM org.apache.catalina.core.StandardContext startInternal
SEVERE: Error listenerStart
Sep 23, 2013 12:15:31 PM org.apache.catalina.util.SessionIdGenerator createSecureRandom
INFO: Creation of SecureRandom instance for session ID generation using [SHA1PRNG] took [112] milliseconds.
Sep 23, 2013 12:15:31 PM org.apache.catalina.core.StandardContext startInternal
SEVERE: Context [] startup failed due to previous errors
Sep 23, 2013 12:15:36 PM org.apache.catalina.startup.HostConfig deployDirectory
INFO: Deploying web application directory /var/lib/openshift/523fd42c5973ca5d51000228/app-root/data/muletomcat/webapps/host-manager
Sep 23, 2013 12:16:57 PM org.apache.catalina.startup.HostConfig deployDirectory
INFO: Deploying web application directory /var/lib/openshift/523fd42c5973ca5d51000228/app-root/data/muletomcat/webapps/crmreqresp
Sep 23, 2013 12:19:45 PM org.apache.catalina.startup.HostConfig deployDirectory
INFO: Deploying web application directory /var/lib/openshift/523fd42c5973ca5d51000228/app-root/data/muletomcat/webapps/examples
Sep 23, 2013 12:23:36 PM org.apache.catalina.startup.HostConfig deployDirectory
INFO: Deploying web application directory /var/lib/openshift/523fd42c5973ca5d51000228/app-root/data/muletomcat/webapps/ROOT_old
Sep 23, 2013 12:26:22 PM org.apache.catalina.startup.HostConfig deployDirectory
INFO: Deploying web application directory /var/lib/openshift/523fd42c5973ca5d51000228/app-root/data/muletomcat/webapps/manager
Sep 23, 2013 12:29:00 PM org.apache.catalina.startup.HostConfig deployDirectory
INFO: Deploying web application directory /var/lib/openshift/523fd42c5973ca5d51000228/app-root/data/muletomcat/webapps/docs
Sep 23, 2013 12:31:05 PM org.apache.coyote.AbstractProtocol start
INFO: Starting ProtocolHandler ["http-bio-127.2.220.129-8080"]
Sep 23, 2013 12:31:11 PM org.apache.coyote.AbstractProtocol start
INFO: Starting ProtocolHandler ["ajp-bio-127.2.220.129-15009"]
Sep 23, 2013 12:31:11 PM org.apache.catalina.startup.Catalina start
INFO: Server startup in 1081295 ms
Sep 23, 2013 12:38:24 PM org.apache.catalina.core.StandardServer await
INFO: A valid shutdown command was received via the shutdown port. Stopping the Server instance.
Sep 23, 2013 12:38:25 PM org.mule.module.tomcat.MuleTomcatListener doStop
INFO: Stopping Mule
Sep 23, 2013 12:38:26 PM org.apache.coyote.AbstractProtocol pause
INFO: Pausing ProtocolHandler ["http-bio-127.2.220.129-8080"]
Sep 23, 2013 12:38:26 PM org.apache.coyote.AbstractProtocol pause
INFO: Pausing ProtocolHandler ["ajp-bio-127.2.220.129-15009"]
Sep 23, 2013 12:38:26 PM org.apache.catalina.core.StandardService stopInternal
INFO: Stopping service Catalina
Sep 23, 2013 12:38:27 PM org.apache.coyote.AbstractProtocol stop
INFO: Stopping ProtocolHandler ["http-bio-127.2.220.129-8080"]
Sep 23, 2013 12:38:27 PM org.apache.coyote.AbstractProtocol stop
INFO: Stopping ProtocolHandler ["ajp-bio-127.2.220.129-15009"]
Sep 23, 2013 12:38:27 PM org.apache.coyote.AbstractProtocol destroy
INFO: Destroying ProtocolHandler ["http-bio-127.2.220.129-8080"]
Sep 23, 2013 12:38:27 PM org.apache.coyote.AbstractProtocol destroy
INFO: Destroying ProtocolHandler ["ajp-bio-127.2.220.129-15009"]
