11 Sep, 2013 12:26:27 AM org.apache.catalina.core.ApplicationContext log
INFO: ContextListener: contextInitialized()
11 Sep, 2013 12:26:27 AM org.apache.catalina.core.ApplicationContext log
INFO: SessionListener: contextInitialized()
11 Sep, 2013 12:26:27 AM org.apache.catalina.core.ApplicationContext log
INFO: ContextListener: attributeAdded('org.apache.jasper.compiler.TldLocationsCache', 'org.apache.jasper.compiler.TldLocationsCache@4125d61e')
11 Sep, 2013 12:26:33 AM org.apache.catalina.core.ApplicationContext log
INFO: SessionListener: contextDestroyed()
11 Sep, 2013 12:26:33 AM org.apache.catalina.core.ApplicationContext log
INFO: ContextListener: contextDestroyed()
11 Sep, 2013 12:52:26 AM org.apache.catalina.core.ApplicationContext log
INFO: No Spring WebApplicationInitializer types detected on classpath
11 Sep, 2013 12:52:35 AM org.apache.catalina.core.ApplicationContext log
INFO: No Spring WebApplicationInitializer types detected on classpath
11 Sep, 2013 12:52:35 AM org.apache.catalina.core.ApplicationContext log
INFO: ContextListener: contextInitialized()
11 Sep, 2013 12:52:35 AM org.apache.catalina.core.ApplicationContext log
INFO: SessionListener: contextInitialized()
11 Sep, 2013 12:52:35 AM org.apache.catalina.core.ApplicationContext log
INFO: ContextListener: attributeAdded('org.apache.jasper.compiler.TldLocationsCache', 'org.apache.jasper.compiler.TldLocationsCache@10c767b1')
11 Sep, 2013 12:52:55 AM org.apache.catalina.core.ApplicationContext log
INFO: No Spring WebApplicationInitializer types detected on classpath
11 Sep, 2013 12:53:39 AM org.apache.catalina.core.ApplicationContext log
INFO: No Spring WebApplicationInitializer types detected on classpath
11 Sep, 2013 12:53:40 AM org.apache.catalina.core.ApplicationContext log
SEVERE: Line 17 in XML document from FirstPorj.xml is invalid; nested exception is org.xml.sax.SAXParseException: The prefix "servlet" for element "servlet:inbound-endpoint" is not bound. (org.mule.api.lifecycle.InitialisationException)
org.mule.api.config.ConfigurationException: Line 17 in XML document from FirstPorj.xml is invalid; nested exception is org.xml.sax.SAXParseException: The prefix "servlet" for element "servlet:inbound-endpoint" is not bound. (org.mule.api.lifecycle.InitialisationException)
	at org.mule.config.builders.AbstractConfigurationBuilder.configure(AbstractConfigurationBuilder.java:52)
	at org.mule.config.builders.AbstractResourceConfigurationBuilder.configure(AbstractResourceConfigurationBuilder.java:78)
	at org.mule.context.DefaultMuleContextFactory.createMuleContext(DefaultMuleContextFactory.java:103)
	at org.mule.config.builders.MuleXmlBuilderContextListener.createMuleContext(MuleXmlBuilderContextListener.java:169)
	at org.mule.config.builders.MuleXmlBuilderContextListener.initialize(MuleXmlBuilderContextListener.java:98)
	at org.mule.config.builders.MuleXmlBuilderContextListener.contextInitialized(MuleXmlBuilderContextListener.java:74)
	at org.apache.catalina.core.StandardContext.listenerStart(StandardContext.java:4939)
	at org.apache.catalina.core.StandardContext.startInternal(StandardContext.java:5434)
	at org.apache.catalina.util.LifecycleBase.start(LifecycleBase.java:150)
	at org.apache.catalina.core.ContainerBase.addChildInternal(ContainerBase.java:901)
	at org.apache.catalina.core.ContainerBase.addChild(ContainerBase.java:877)
	at org.apache.catalina.core.StandardHost.addChild(StandardHost.java:633)
	at org.apache.catalina.startup.HostConfig.deployWAR(HostConfig.java:976)
	at org.apache.catalina.startup.HostConfig$DeployWar.run(HostConfig.java:1653)
	at java.util.concurrent.Executors$RunnableAdapter.call(Executors.java:439)
	at java.util.concurrent.FutureTask$Sync.innerRun(FutureTask.java:303)
	at java.util.concurrent.FutureTask.run(FutureTask.java:138)
	at java.util.concurrent.ThreadPoolExecutor$Worker.runTask(ThreadPoolExecutor.java:895)
	at java.util.concurrent.ThreadPoolExecutor$Worker.run(ThreadPoolExecutor.java:918)
	at java.lang.Thread.run(Thread.java:662)
Caused by: org.mule.api.lifecycle.InitialisationException: Line 17 in XML document from FirstPorj.xml is invalid; nested exception is org.xml.sax.SAXParseException: The prefix "servlet" for element "servlet:inbound-endpoint" is not bound.
	at org.mule.registry.AbstractRegistry.initialise(AbstractRegistry.java:117)
	at org.mule.config.spring.SpringXmlConfigurationBuilder.createSpringRegistry(SpringXmlConfigurationBuilder.java:119)
	at org.mule.config.spring.SpringXmlConfigurationBuilder.doConfigure(SpringXmlConfigurationBuilder.java:73)
	at org.mule.config.builders.WebappMuleXmlConfigurationBuilder.doConfigure(WebappMuleXmlConfigurationBuilder.java:82)
	at org.mule.config.builders.AbstractConfigurationBuilder.configure(AbstractConfigurationBuilder.java:46)
	... 19 more
Caused by: org.springframework.beans.factory.xml.XmlBeanDefinitionStoreException: Line 17 in XML document from FirstPorj.xml is invalid; nested exception is org.xml.sax.SAXParseException: The prefix "servlet" for element "servlet:inbound-endpoint" is not bound.
	at org.springframework.beans.factory.xml.XmlBeanDefinitionReader.doLoadBeanDefinitions(XmlBeanDefinitionReader.java:396)
	at org.springframework.beans.factory.xml.XmlBeanDefinitionReader.loadBeanDefinitions(XmlBeanDefinitionReader.java:334)
	at org.springframework.beans.factory.xml.XmlBeanDefinitionReader.loadBeanDefinitions(XmlBeanDefinitionReader.java:302)
	at org.springframework.beans.factory.support.AbstractBeanDefinitionReader.loadBeanDefinitions(AbstractBeanDefinitionReader.java:174)
	at org.mule.config.spring.MuleApplicationContext.loadBeanDefinitions(MuleApplicationContext.java:113)
	at org.springframework.context.support.AbstractRefreshableApplicationContext.refreshBeanFactory(AbstractRefreshableApplicationContext.java:130)
	at org.springframework.context.support.AbstractApplicationContext.obtainFreshBeanFactory(AbstractApplicationContext.java:537)
	at org.springframework.context.support.AbstractApplicationContext.refresh(AbstractApplicationContext.java:451)
	at org.mule.config.spring.SpringRegistry.doInitialise(SpringRegistry.java:89)
	at org.mule.registry.AbstractRegistry.initialise(AbstractRegistry.java:109)
	... 23 more
Caused by: org.xml.sax.SAXParseException: The prefix "servlet" for element "servlet:inbound-endpoint" is not bound.
	at com.sun.org.apache.xerces.internal.util.ErrorHandlerWrapper.createSAXParseException(ErrorHandlerWrapper.java:195)
	at com.sun.org.apache.xerces.internal.util.ErrorHandlerWrapper.fatalError(ErrorHandlerWrapper.java:174)
	at com.sun.org.apache.xerces.internal.impl.XMLErrorReporter.reportError(XMLErrorReporter.java:388)
	at com.sun.org.apache.xerces.internal.impl.XMLErrorReporter.reportError(XMLErrorReporter.java:318)
	at com.sun.org.apache.xerces.internal.impl.XMLNSDocumentScannerImpl.scanStartElement(XMLNSDocumentScannerImpl.java:310)
	at com.sun.org.apache.xerces.internal.impl.XMLDocumentFragmentScannerImpl$FragmentContentDriver.next(XMLDocumentFragmentScannerImpl.java:2756)
	at com.sun.org.apache.xerces.internal.impl.XMLDocumentScannerImpl.next(XMLDocumentScannerImpl.java:647)
	at com.sun.org.apache.xerces.internal.impl.XMLNSDocumentScannerImpl.next(XMLNSDocumentScannerImpl.java:140)
	at com.sun.org.apache.xerces.internal.impl.XMLDocumentFragmentScannerImpl.scanDocument(XMLDocumentFragmentScannerImpl.java:511)
	at com.sun.org.apache.xerces.internal.parsers.XML11Configuration.parse(XML11Configuration.java:808)
	at com.sun.org.apache.xerces.internal.parsers.XML11Configuration.parse(XML11Configuration.java:737)
	at com.sun.org.apache.xerces.internal.parsers.XMLParser.parse(XMLParser.java:119)
	at com.sun.org.apache.xerces.internal.parsers.DOMParser.parse(DOMParser.java:232)
	at com.sun.org.apache.xerces.internal.jaxp.DocumentBuilderImpl.parse(DocumentBuilderImpl.java:284)
	at org.springframework.beans.factory.xml.DefaultDocumentLoader.loadDocument(DefaultDocumentLoader.java:75)
	at org.springframework.beans.factory.xml.XmlBeanDefinitionReader.doLoadBeanDefinitions(XmlBeanDefinitionReader.java:388)
	... 32 more
11 Sep, 2013 12:56:51 AM org.apache.catalina.core.ApplicationContext log
INFO: SessionListener: contextDestroyed()
11 Sep, 2013 12:56:51 AM org.apache.catalina.core.ApplicationContext log
INFO: ContextListener: contextDestroyed()
11 Sep, 2013 12:57:51 AM org.apache.catalina.core.ApplicationContext log
INFO: No Spring WebApplicationInitializer types detected on classpath
11 Sep, 2013 12:58:03 AM org.apache.catalina.core.ApplicationContext log
INFO: No Spring WebApplicationInitializer types detected on classpath
11 Sep, 2013 12:58:11 AM org.apache.catalina.core.ApplicationContext log
INFO: No Spring WebApplicationInitializer types detected on classpath
11 Sep, 2013 12:58:11 AM org.apache.catalina.core.ApplicationContext log
INFO: ContextListener: contextInitialized()
11 Sep, 2013 12:58:11 AM org.apache.catalina.core.ApplicationContext log
INFO: SessionListener: contextInitialized()
11 Sep, 2013 12:58:11 AM org.apache.catalina.core.ApplicationContext log
INFO: ContextListener: attributeAdded('org.apache.jasper.compiler.TldLocationsCache', 'org.apache.jasper.compiler.TldLocationsCache@26a96be2')
11 Sep, 2013 12:58:34 AM org.apache.catalina.core.ApplicationContext log
INFO: No Spring WebApplicationInitializer types detected on classpath
11 Sep, 2013 1:13:31 AM org.apache.catalina.core.ApplicationContext log
INFO: SessionListener: contextDestroyed()
11 Sep, 2013 1:13:31 AM org.apache.catalina.core.ApplicationContext log
INFO: ContextListener: contextDestroyed()
11 Sep, 2013 1:14:45 AM org.apache.catalina.core.ApplicationContext log
INFO: No Spring WebApplicationInitializer types detected on classpath
11 Sep, 2013 1:14:56 AM org.apache.catalina.core.ApplicationContext log
INFO: No Spring WebApplicationInitializer types detected on classpath
11 Sep, 2013 1:15:05 AM org.apache.catalina.core.ApplicationContext log
INFO: No Spring WebApplicationInitializer types detected on classpath
11 Sep, 2013 1:15:05 AM org.apache.catalina.core.ApplicationContext log
INFO: ContextListener: contextInitialized()
11 Sep, 2013 1:15:05 AM org.apache.catalina.core.ApplicationContext log
INFO: SessionListener: contextInitialized()
11 Sep, 2013 1:15:05 AM org.apache.catalina.core.ApplicationContext log
INFO: ContextListener: attributeAdded('org.apache.jasper.compiler.TldLocationsCache', 'org.apache.jasper.compiler.TldLocationsCache@7fab6600')
11 Sep, 2013 1:15:27 AM org.apache.catalina.core.ApplicationContext log
INFO: No Spring WebApplicationInitializer types detected on classpath
11 Sep, 2013 1:26:11 AM org.apache.catalina.core.ApplicationContext log
INFO: SessionListener: contextDestroyed()
11 Sep, 2013 1:26:11 AM org.apache.catalina.core.ApplicationContext log
INFO: ContextListener: contextDestroyed()
11 Sep, 2013 1:26:49 AM org.apache.catalina.core.ApplicationContext log
INFO: No Spring WebApplicationInitializer types detected on classpath
11 Sep, 2013 1:27:00 AM org.apache.catalina.core.ApplicationContext log
INFO: No Spring WebApplicationInitializer types detected on classpath
11 Sep, 2013 1:27:08 AM org.apache.catalina.core.ApplicationContext log
INFO: No Spring WebApplicationInitializer types detected on classpath
11 Sep, 2013 1:27:08 AM org.apache.catalina.core.ApplicationContext log
INFO: ContextListener: contextInitialized()
11 Sep, 2013 1:27:08 AM org.apache.catalina.core.ApplicationContext log
INFO: SessionListener: contextInitialized()
11 Sep, 2013 1:27:08 AM org.apache.catalina.core.ApplicationContext log
INFO: ContextListener: attributeAdded('org.apache.jasper.compiler.TldLocationsCache', 'org.apache.jasper.compiler.TldLocationsCache@788c69ce')
11 Sep, 2013 1:27:31 AM org.apache.catalina.core.ApplicationContext log
INFO: No Spring WebApplicationInitializer types detected on classpath
11 Sep, 2013 1:30:41 AM org.apache.catalina.core.ApplicationContext log
INFO: SessionListener: contextDestroyed()
11 Sep, 2013 1:30:41 AM org.apache.catalina.core.ApplicationContext log
INFO: ContextListener: contextDestroyed()
11 Sep, 2013 1:31:07 AM org.apache.catalina.core.ApplicationContext log
INFO: No Spring WebApplicationInitializer types detected on classpath
11 Sep, 2013 1:31:19 AM org.apache.catalina.core.ApplicationContext log
INFO: No Spring WebApplicationInitializer types detected on classpath
11 Sep, 2013 1:31:28 AM org.apache.catalina.core.ApplicationContext log
INFO: No Spring WebApplicationInitializer types detected on classpath
11 Sep, 2013 1:31:28 AM org.apache.catalina.core.ApplicationContext log
INFO: ContextListener: contextInitialized()
11 Sep, 2013 1:31:28 AM org.apache.catalina.core.ApplicationContext log
INFO: SessionListener: contextInitialized()
11 Sep, 2013 1:31:28 AM org.apache.catalina.core.ApplicationContext log
INFO: ContextListener: attributeAdded('org.apache.jasper.compiler.TldLocationsCache', 'org.apache.jasper.compiler.TldLocationsCache@7af69acb')
11 Sep, 2013 1:31:51 AM org.apache.catalina.core.ApplicationContext log
INFO: No Spring WebApplicationInitializer types detected on classpath
11 Sep, 2013 1:32:33 AM org.apache.catalina.core.ApplicationContext log
INFO: SessionListener: contextDestroyed()
11 Sep, 2013 1:32:33 AM org.apache.catalina.core.ApplicationContext log
INFO: ContextListener: contextDestroyed()
11 Sep, 2013 1:33:17 AM org.apache.catalina.core.ApplicationContext log
INFO: No Spring WebApplicationInitializer types detected on classpath
11 Sep, 2013 1:33:29 AM org.apache.catalina.core.ApplicationContext log
INFO: No Spring WebApplicationInitializer types detected on classpath
11 Sep, 2013 1:33:37 AM org.apache.catalina.core.ApplicationContext log
INFO: No Spring WebApplicationInitializer types detected on classpath
11 Sep, 2013 1:33:37 AM org.apache.catalina.core.ApplicationContext log
INFO: ContextListener: contextInitialized()
11 Sep, 2013 1:33:37 AM org.apache.catalina.core.ApplicationContext log
INFO: SessionListener: contextInitialized()
11 Sep, 2013 1:33:37 AM org.apache.catalina.core.ApplicationContext log
INFO: ContextListener: attributeAdded('org.apache.jasper.compiler.TldLocationsCache', 'org.apache.jasper.compiler.TldLocationsCache@4ae9e2f0')
11 Sep, 2013 1:34:00 AM org.apache.catalina.core.ApplicationContext log
INFO: No Spring WebApplicationInitializer types detected on classpath
11 Sep, 2013 1:35:31 AM org.apache.catalina.core.ApplicationContext log
INFO: SessionListener: contextDestroyed()
11 Sep, 2013 1:35:31 AM org.apache.catalina.core.ApplicationContext log
INFO: ContextListener: contextDestroyed()
11 Sep, 2013 2:31:14 AM org.apache.catalina.core.ApplicationContext log
INFO: No Spring WebApplicationInitializer types detected on classpath
11 Sep, 2013 2:31:16 AM org.apache.catalina.core.ApplicationContext log
SEVERE: Line 23 in XML document from FirstPorj.xml is invalid; nested exception is org.xml.sax.SAXParseException: The prefix "servlet" for element "servlet:inbound-endpoint" is not bound. (org.mule.api.lifecycle.InitialisationException)
org.mule.api.config.ConfigurationException: Line 23 in XML document from FirstPorj.xml is invalid; nested exception is org.xml.sax.SAXParseException: The prefix "servlet" for element "servlet:inbound-endpoint" is not bound. (org.mule.api.lifecycle.InitialisationException)
	at org.mule.config.builders.AbstractConfigurationBuilder.configure(AbstractConfigurationBuilder.java:52)
	at org.mule.config.builders.AbstractResourceConfigurationBuilder.configure(AbstractResourceConfigurationBuilder.java:78)
	at org.mule.context.DefaultMuleContextFactory.createMuleContext(DefaultMuleContextFactory.java:103)
	at org.mule.config.builders.MuleXmlBuilderContextListener.createMuleContext(MuleXmlBuilderContextListener.java:169)
	at org.mule.config.builders.MuleXmlBuilderContextListener.initialize(MuleXmlBuilderContextListener.java:98)
	at org.mule.config.builders.MuleXmlBuilderContextListener.contextInitialized(MuleXmlBuilderContextListener.java:74)
	at org.apache.catalina.core.StandardContext.listenerStart(StandardContext.java:4939)
	at org.apache.catalina.core.StandardContext.startInternal(StandardContext.java:5434)
	at org.apache.catalina.util.LifecycleBase.start(LifecycleBase.java:150)
	at org.apache.catalina.core.ContainerBase.addChildInternal(ContainerBase.java:901)
	at org.apache.catalina.core.ContainerBase.addChild(ContainerBase.java:877)
	at org.apache.catalina.core.StandardHost.addChild(StandardHost.java:633)
	at org.apache.catalina.startup.HostConfig.deployWAR(HostConfig.java:976)
	at org.apache.catalina.startup.HostConfig$DeployWar.run(HostConfig.java:1653)
	at java.util.concurrent.Executors$RunnableAdapter.call(Executors.java:439)
	at java.util.concurrent.FutureTask$Sync.innerRun(FutureTask.java:303)
	at java.util.concurrent.FutureTask.run(FutureTask.java:138)
	at java.util.concurrent.ThreadPoolExecutor$Worker.runTask(ThreadPoolExecutor.java:895)
	at java.util.concurrent.ThreadPoolExecutor$Worker.run(ThreadPoolExecutor.java:918)
	at java.lang.Thread.run(Thread.java:662)
Caused by: org.mule.api.lifecycle.InitialisationException: Line 23 in XML document from FirstPorj.xml is invalid; nested exception is org.xml.sax.SAXParseException: The prefix "servlet" for element "servlet:inbound-endpoint" is not bound.
	at org.mule.registry.AbstractRegistry.initialise(AbstractRegistry.java:117)
	at org.mule.config.spring.SpringXmlConfigurationBuilder.createSpringRegistry(SpringXmlConfigurationBuilder.java:119)
	at org.mule.config.spring.SpringXmlConfigurationBuilder.doConfigure(SpringXmlConfigurationBuilder.java:73)
	at org.mule.config.builders.WebappMuleXmlConfigurationBuilder.doConfigure(WebappMuleXmlConfigurationBuilder.java:82)
	at org.mule.config.builders.AbstractConfigurationBuilder.configure(AbstractConfigurationBuilder.java:46)
	... 19 more
Caused by: org.springframework.beans.factory.xml.XmlBeanDefinitionStoreException: Line 23 in XML document from FirstPorj.xml is invalid; nested exception is org.xml.sax.SAXParseException: The prefix "servlet" for element "servlet:inbound-endpoint" is not bound.
	at org.springframework.beans.factory.xml.XmlBeanDefinitionReader.doLoadBeanDefinitions(XmlBeanDefinitionReader.java:396)
	at org.springframework.beans.factory.xml.XmlBeanDefinitionReader.loadBeanDefinitions(XmlBeanDefinitionReader.java:334)
	at org.springframework.beans.factory.xml.XmlBeanDefinitionReader.loadBeanDefinitions(XmlBeanDefinitionReader.java:302)
	at org.springframework.beans.factory.support.AbstractBeanDefinitionReader.loadBeanDefinitions(AbstractBeanDefinitionReader.java:174)
	at org.mule.config.spring.MuleApplicationContext.loadBeanDefinitions(MuleApplicationContext.java:113)
	at org.springframework.context.support.AbstractRefreshableApplicationContext.refreshBeanFactory(AbstractRefreshableApplicationContext.java:130)
	at org.springframework.context.support.AbstractApplicationContext.obtainFreshBeanFactory(AbstractApplicationContext.java:537)
	at org.springframework.context.support.AbstractApplicationContext.refresh(AbstractApplicationContext.java:451)
	at org.mule.config.spring.SpringRegistry.doInitialise(SpringRegistry.java:89)
	at org.mule.registry.AbstractRegistry.initialise(AbstractRegistry.java:109)
	... 23 more
Caused by: org.xml.sax.SAXParseException: The prefix "servlet" for element "servlet:inbound-endpoint" is not bound.
	at com.sun.org.apache.xerces.internal.util.ErrorHandlerWrapper.createSAXParseException(ErrorHandlerWrapper.java:195)
	at com.sun.org.apache.xerces.internal.util.ErrorHandlerWrapper.fatalError(ErrorHandlerWrapper.java:174)
	at com.sun.org.apache.xerces.internal.impl.XMLErrorReporter.reportError(XMLErrorReporter.java:388)
	at com.sun.org.apache.xerces.internal.impl.XMLErrorReporter.reportError(XMLErrorReporter.java:318)
	at com.sun.org.apache.xerces.internal.impl.XMLNSDocumentScannerImpl.scanStartElement(XMLNSDocumentScannerImpl.java:310)
	at com.sun.org.apache.xerces.internal.impl.XMLDocumentFragmentScannerImpl$FragmentContentDriver.next(XMLDocumentFragmentScannerImpl.java:2756)
	at com.sun.org.apache.xerces.internal.impl.XMLDocumentScannerImpl.next(XMLDocumentScannerImpl.java:647)
	at com.sun.org.apache.xerces.internal.impl.XMLNSDocumentScannerImpl.next(XMLNSDocumentScannerImpl.java:140)
	at com.sun.org.apache.xerces.internal.impl.XMLDocumentFragmentScannerImpl.scanDocument(XMLDocumentFragmentScannerImpl.java:511)
	at com.sun.org.apache.xerces.internal.parsers.XML11Configuration.parse(XML11Configuration.java:808)
	at com.sun.org.apache.xerces.internal.parsers.XML11Configuration.parse(XML11Configuration.java:737)
	at com.sun.org.apache.xerces.internal.parsers.XMLParser.parse(XMLParser.java:119)
	at com.sun.org.apache.xerces.internal.parsers.DOMParser.parse(DOMParser.java:232)
	at com.sun.org.apache.xerces.internal.jaxp.DocumentBuilderImpl.parse(DocumentBuilderImpl.java:284)
	at org.springframework.beans.factory.xml.DefaultDocumentLoader.loadDocument(DefaultDocumentLoader.java:75)
	at org.springframework.beans.factory.xml.XmlBeanDefinitionReader.doLoadBeanDefinitions(XmlBeanDefinitionReader.java:388)
	... 32 more
11 Sep, 2013 2:31:25 AM org.apache.catalina.core.ApplicationContext log
INFO: No Spring WebApplicationInitializer types detected on classpath
11 Sep, 2013 2:31:35 AM org.apache.catalina.core.ApplicationContext log
INFO: No Spring WebApplicationInitializer types detected on classpath
11 Sep, 2013 2:31:35 AM org.apache.catalina.core.ApplicationContext log
INFO: ContextListener: contextInitialized()
11 Sep, 2013 2:31:35 AM org.apache.catalina.core.ApplicationContext log
INFO: SessionListener: contextInitialized()
11 Sep, 2013 2:31:35 AM org.apache.catalina.core.ApplicationContext log
INFO: ContextListener: attributeAdded('org.apache.jasper.compiler.TldLocationsCache', 'org.apache.jasper.compiler.TldLocationsCache@44929d0b')
11 Sep, 2013 2:34:41 AM org.apache.catalina.core.ApplicationContext log
INFO: No Spring WebApplicationInitializer types detected on classpath
11 Sep, 2013 2:34:52 AM org.apache.catalina.core.ApplicationContext log
INFO: No Spring WebApplicationInitializer types detected on classpath
11 Sep, 2013 2:35:00 AM org.apache.catalina.core.ApplicationContext log
INFO: No Spring WebApplicationInitializer types detected on classpath
11 Sep, 2013 2:35:00 AM org.apache.catalina.core.ApplicationContext log
INFO: ContextListener: contextInitialized()
11 Sep, 2013 2:35:00 AM org.apache.catalina.core.ApplicationContext log
INFO: SessionListener: contextInitialized()
11 Sep, 2013 2:35:00 AM org.apache.catalina.core.ApplicationContext log
INFO: ContextListener: attributeAdded('org.apache.jasper.compiler.TldLocationsCache', 'org.apache.jasper.compiler.TldLocationsCache@35793c82')
11 Sep, 2013 2:35:22 AM org.apache.catalina.core.ApplicationContext log
INFO: No Spring WebApplicationInitializer types detected on classpath
11 Sep, 2013 2:37:57 AM org.apache.catalina.core.ApplicationContext log
INFO: SessionListener: contextDestroyed()
11 Sep, 2013 2:37:57 AM org.apache.catalina.core.ApplicationContext log
INFO: ContextListener: contextDestroyed()
11 Sep, 2013 2:57:12 AM org.apache.catalina.core.ApplicationContext log
INFO: No Spring WebApplicationInitializer types detected on classpath
11 Sep, 2013 2:57:24 AM org.apache.catalina.core.ApplicationContext log
INFO: No Spring WebApplicationInitializer types detected on classpath
11 Sep, 2013 2:57:32 AM org.apache.catalina.core.ApplicationContext log
INFO: No Spring WebApplicationInitializer types detected on classpath
11 Sep, 2013 2:57:32 AM org.apache.catalina.core.ApplicationContext log
INFO: ContextListener: contextInitialized()
11 Sep, 2013 2:57:32 AM org.apache.catalina.core.ApplicationContext log
INFO: SessionListener: contextInitialized()
11 Sep, 2013 2:57:32 AM org.apache.catalina.core.ApplicationContext log
INFO: ContextListener: attributeAdded('org.apache.jasper.compiler.TldLocationsCache', 'org.apache.jasper.compiler.TldLocationsCache@336d026a')
11 Sep, 2013 2:57:55 AM org.apache.catalina.core.ApplicationContext log
INFO: No Spring WebApplicationInitializer types detected on classpath
11 Sep, 2013 2:59:02 AM org.apache.catalina.core.ApplicationContext log
INFO: SessionListener: contextDestroyed()
11 Sep, 2013 2:59:02 AM org.apache.catalina.core.ApplicationContext log
INFO: ContextListener: contextDestroyed()
11 Sep, 2013 2:59:29 AM org.apache.catalina.core.ApplicationContext log
INFO: No Spring WebApplicationInitializer types detected on classpath
11 Sep, 2013 2:59:40 AM org.apache.catalina.core.ApplicationContext log
INFO: No Spring WebApplicationInitializer types detected on classpath
11 Sep, 2013 2:59:48 AM org.apache.catalina.core.ApplicationContext log
INFO: No Spring WebApplicationInitializer types detected on classpath
11 Sep, 2013 2:59:48 AM org.apache.catalina.core.ApplicationContext log
INFO: ContextListener: contextInitialized()
11 Sep, 2013 2:59:48 AM org.apache.catalina.core.ApplicationContext log
INFO: SessionListener: contextInitialized()
11 Sep, 2013 2:59:48 AM org.apache.catalina.core.ApplicationContext log
INFO: ContextListener: attributeAdded('org.apache.jasper.compiler.TldLocationsCache', 'org.apache.jasper.compiler.TldLocationsCache@5dfb3d5c')
11 Sep, 2013 3:00:11 AM org.apache.catalina.core.ApplicationContext log
INFO: No Spring WebApplicationInitializer types detected on classpath
11 Sep, 2013 3:01:49 AM org.apache.catalina.core.ApplicationContext log
INFO: SessionListener: contextDestroyed()
11 Sep, 2013 3:01:49 AM org.apache.catalina.core.ApplicationContext log
INFO: ContextListener: contextDestroyed()
11 Sep, 2013 3:02:09 AM org.apache.catalina.core.ApplicationContext log
INFO: No Spring WebApplicationInitializer types detected on classpath
11 Sep, 2013 3:02:19 AM org.apache.catalina.core.ApplicationContext log
INFO: No Spring WebApplicationInitializer types detected on classpath
11 Sep, 2013 3:02:27 AM org.apache.catalina.core.ApplicationContext log
INFO: No Spring WebApplicationInitializer types detected on classpath
11 Sep, 2013 3:02:27 AM org.apache.catalina.core.ApplicationContext log
INFO: ContextListener: contextInitialized()
11 Sep, 2013 3:02:27 AM org.apache.catalina.core.ApplicationContext log
INFO: SessionListener: contextInitialized()
11 Sep, 2013 3:02:27 AM org.apache.catalina.core.ApplicationContext log
INFO: ContextListener: attributeAdded('org.apache.jasper.compiler.TldLocationsCache', 'org.apache.jasper.compiler.TldLocationsCache@c299bbd')
11 Sep, 2013 3:02:49 AM org.apache.catalina.core.ApplicationContext log
INFO: No Spring WebApplicationInitializer types detected on classpath
11 Sep, 2013 3:51:23 AM org.apache.catalina.core.ApplicationContext log
INFO: SessionListener: contextDestroyed()
11 Sep, 2013 3:51:23 AM org.apache.catalina.core.ApplicationContext log
INFO: ContextListener: contextDestroyed()
11 Sep, 2013 8:44:23 AM org.apache.catalina.core.ApplicationContext log
INFO: No Spring WebApplicationInitializer types detected on classpath
11 Sep, 2013 8:44:34 AM org.apache.catalina.core.ApplicationContext log
INFO: No Spring WebApplicationInitializer types detected on classpath
11 Sep, 2013 8:44:41 AM org.apache.catalina.core.ApplicationContext log
INFO: No Spring WebApplicationInitializer types detected on classpath
11 Sep, 2013 8:44:41 AM org.apache.catalina.core.ApplicationContext log
INFO: ContextListener: contextInitialized()
11 Sep, 2013 8:44:41 AM org.apache.catalina.core.ApplicationContext log
INFO: SessionListener: contextInitialized()
11 Sep, 2013 8:44:41 AM org.apache.catalina.core.ApplicationContext log
INFO: ContextListener: attributeAdded('org.apache.jasper.compiler.TldLocationsCache', 'org.apache.jasper.compiler.TldLocationsCache@6fec9818')
11 Sep, 2013 8:45:00 AM org.apache.catalina.core.ApplicationContext log
INFO: No Spring WebApplicationInitializer types detected on classpath
11 Sep, 2013 8:45:01 AM org.apache.catalina.core.ApplicationContext log
INFO: SessionListener: contextDestroyed()
11 Sep, 2013 8:45:01 AM org.apache.catalina.core.ApplicationContext log
INFO: ContextListener: contextDestroyed()
11 Sep, 2013 8:50:31 AM org.apache.catalina.core.ApplicationContext log
INFO: No Spring WebApplicationInitializer types detected on classpath
11 Sep, 2013 8:50:45 AM org.apache.catalina.core.ApplicationContext log
INFO: No Spring WebApplicationInitializer types detected on classpath
11 Sep, 2013 8:50:58 AM org.apache.catalina.core.ApplicationContext log
INFO: No Spring WebApplicationInitializer types detected on classpath
11 Sep, 2013 8:50:58 AM org.apache.catalina.core.ApplicationContext log
INFO: ContextListener: contextInitialized()
11 Sep, 2013 8:50:58 AM org.apache.catalina.core.ApplicationContext log
INFO: SessionListener: contextInitialized()
11 Sep, 2013 8:50:58 AM org.apache.catalina.core.ApplicationContext log
INFO: ContextListener: attributeAdded('org.apache.jasper.compiler.TldLocationsCache', 'org.apache.jasper.compiler.TldLocationsCache@66715d44')
11 Sep, 2013 8:51:19 AM org.apache.catalina.core.ApplicationContext log
INFO: No Spring WebApplicationInitializer types detected on classpath
11 Sep, 2013 10:11:33 AM org.apache.catalina.core.ApplicationContext log
INFO: SessionListener: contextDestroyed()
11 Sep, 2013 10:11:33 AM org.apache.catalina.core.ApplicationContext log
INFO: ContextListener: contextDestroyed()
11 Sep, 2013 10:39:39 AM org.apache.catalina.core.ApplicationContext log
INFO: No Spring WebApplicationInitializer types detected on classpath
11 Sep, 2013 10:39:54 AM org.apache.catalina.core.ApplicationContext log
INFO: No Spring WebApplicationInitializer types detected on classpath
11 Sep, 2013 10:40:02 AM org.apache.catalina.core.ApplicationContext log
INFO: No Spring WebApplicationInitializer types detected on classpath
11 Sep, 2013 10:40:02 AM org.apache.catalina.core.ApplicationContext log
INFO: ContextListener: contextInitialized()
11 Sep, 2013 10:40:02 AM org.apache.catalina.core.ApplicationContext log
INFO: SessionListener: contextInitialized()
11 Sep, 2013 10:40:02 AM org.apache.catalina.core.ApplicationContext log
INFO: ContextListener: attributeAdded('org.apache.jasper.compiler.TldLocationsCache', 'org.apache.jasper.compiler.TldLocationsCache@f72003d')
11 Sep, 2013 10:40:22 AM org.apache.catalina.core.ApplicationContext log
INFO: No Spring WebApplicationInitializer types detected on classpath
11 Sep, 2013 10:40:28 AM org.apache.catalina.core.ApplicationContext log
INFO: Marking servlet MuleHttpServletRequest as unavailable
11 Sep, 2013 10:40:28 AM org.apache.catalina.core.StandardWrapperValve invoke
SEVERE: Allocate exception for servlet MuleHttpServletRequest
java.lang.InstantiationException: org.mule.transport.http.servlet.MuleHttpServletRequest
	at java.lang.Class.newInstance0(Class.java:342)
	at java.lang.Class.newInstance(Class.java:310)
	at org.apache.catalina.core.DefaultInstanceManager.newInstance(DefaultInstanceManager.java:138)
	at org.apache.catalina.core.StandardWrapper.loadServlet(StandardWrapper.java:1144)
	at org.apache.catalina.core.StandardWrapper.allocate(StandardWrapper.java:865)
	at org.apache.catalina.core.StandardWrapperValve.invoke(StandardWrapperValve.java:136)
	at org.apache.catalina.core.StandardContextValve.invoke(StandardContextValve.java:123)
	at org.apache.catalina.authenticator.AuthenticatorBase.invoke(AuthenticatorBase.java:502)
	at org.apache.catalina.core.StandardHostValve.invoke(StandardHostValve.java:171)
	at org.apache.catalina.valves.ErrorReportValve.invoke(ErrorReportValve.java:99)
	at org.apache.catalina.valves.AccessLogValve.invoke(AccessLogValve.java:953)
	at org.apache.catalina.core.StandardEngineValve.invoke(StandardEngineValve.java:118)
	at org.apache.catalina.connector.CoyoteAdapter.service(CoyoteAdapter.java:408)
	at org.apache.coyote.http11.AbstractHttp11Processor.process(AbstractHttp11Processor.java:1023)
	at org.apache.coyote.AbstractProtocol$AbstractConnectionHandler.process(AbstractProtocol.java:589)
	at org.apache.tomcat.util.net.JIoEndpoint$SocketProcessor.run(JIoEndpoint.java:310)
	at java.util.concurrent.ThreadPoolExecutor$Worker.runTask(ThreadPoolExecutor.java:895)
	at java.util.concurrent.ThreadPoolExecutor$Worker.run(ThreadPoolExecutor.java:918)
	at java.lang.Thread.run(Thread.java:662)
11 Sep, 2013 10:47:41 AM org.apache.catalina.core.ApplicationContext log
INFO: No Spring WebApplicationInitializer types detected on classpath
11 Sep, 2013 10:51:19 AM org.apache.catalina.core.ApplicationContext log
INFO: SessionListener: contextDestroyed()
11 Sep, 2013 10:51:19 AM org.apache.catalina.core.ApplicationContext log
INFO: ContextListener: contextDestroyed()
11 Sep, 2013 10:53:14 AM org.apache.catalina.core.ApplicationContext log
INFO: No Spring WebApplicationInitializer types detected on classpath
11 Sep, 2013 10:53:25 AM org.apache.catalina.core.ApplicationContext log
INFO: No Spring WebApplicationInitializer types detected on classpath
11 Sep, 2013 10:53:33 AM org.apache.catalina.core.ApplicationContext log
INFO: No Spring WebApplicationInitializer types detected on classpath
11 Sep, 2013 10:53:33 AM org.apache.catalina.core.ApplicationContext log
INFO: ContextListener: contextInitialized()
11 Sep, 2013 10:53:33 AM org.apache.catalina.core.ApplicationContext log
INFO: SessionListener: contextInitialized()
11 Sep, 2013 10:53:33 AM org.apache.catalina.core.ApplicationContext log
INFO: ContextListener: attributeAdded('org.apache.jasper.compiler.TldLocationsCache', 'org.apache.jasper.compiler.TldLocationsCache@6be4be2c')
11 Sep, 2013 10:54:02 AM org.apache.catalina.core.ApplicationContext log
INFO: No Spring WebApplicationInitializer types detected on classpath
11 Sep, 2013 10:56:58 AM org.apache.catalina.core.ApplicationContext log
INFO: SessionListener: contextDestroyed()
11 Sep, 2013 10:56:58 AM org.apache.catalina.core.ApplicationContext log
INFO: ContextListener: contextDestroyed()
11 Sep, 2013 10:57:16 AM org.apache.catalina.core.ApplicationContext log
INFO: No Spring WebApplicationInitializer types detected on classpath
11 Sep, 2013 10:57:27 AM org.apache.catalina.core.ApplicationContext log
INFO: No Spring WebApplicationInitializer types detected on classpath
11 Sep, 2013 10:57:35 AM org.apache.catalina.core.ApplicationContext log
INFO: No Spring WebApplicationInitializer types detected on classpath
11 Sep, 2013 10:57:35 AM org.apache.catalina.core.ApplicationContext log
INFO: ContextListener: contextInitialized()
11 Sep, 2013 10:57:35 AM org.apache.catalina.core.ApplicationContext log
INFO: SessionListener: contextInitialized()
11 Sep, 2013 10:57:35 AM org.apache.catalina.core.ApplicationContext log
INFO: ContextListener: attributeAdded('org.apache.jasper.compiler.TldLocationsCache', 'org.apache.jasper.compiler.TldLocationsCache@bdb6c8c')
11 Sep, 2013 10:57:57 AM org.apache.catalina.core.ApplicationContext log
INFO: No Spring WebApplicationInitializer types detected on classpath
11 Sep, 2013 10:59:02 AM org.apache.catalina.core.ApplicationContext log
INFO: SessionListener: contextDestroyed()
11 Sep, 2013 10:59:02 AM org.apache.catalina.core.ApplicationContext log
INFO: ContextListener: contextDestroyed()
11 Sep, 2013 11:10:32 AM org.apache.catalina.core.ApplicationContext log
INFO: No Spring WebApplicationInitializer types detected on classpath
11 Sep, 2013 11:10:42 AM org.apache.catalina.core.ApplicationContext log
INFO: No Spring WebApplicationInitializer types detected on classpath
11 Sep, 2013 11:10:51 AM org.apache.catalina.core.ApplicationContext log
INFO: No Spring WebApplicationInitializer types detected on classpath
11 Sep, 2013 11:10:51 AM org.apache.catalina.core.ApplicationContext log
INFO: ContextListener: contextInitialized()
11 Sep, 2013 11:10:51 AM org.apache.catalina.core.ApplicationContext log
INFO: SessionListener: contextInitialized()
11 Sep, 2013 11:10:51 AM org.apache.catalina.core.ApplicationContext log
INFO: ContextListener: attributeAdded('org.apache.jasper.compiler.TldLocationsCache', 'org.apache.jasper.compiler.TldLocationsCache@57c33fcd')
11 Sep, 2013 11:11:13 AM org.apache.catalina.core.ApplicationContext log
INFO: No Spring WebApplicationInitializer types detected on classpath
11 Sep, 2013 11:27:09 AM org.apache.catalina.core.ApplicationContext log
INFO: SessionListener: contextDestroyed()
11 Sep, 2013 11:27:09 AM org.apache.catalina.core.ApplicationContext log
INFO: ContextListener: contextDestroyed()
11 Sep, 2013 11:27:36 AM org.apache.catalina.core.ApplicationContext log
INFO: No Spring WebApplicationInitializer types detected on classpath
11 Sep, 2013 11:27:47 AM org.apache.catalina.core.ApplicationContext log
INFO: No Spring WebApplicationInitializer types detected on classpath
11 Sep, 2013 11:27:55 AM org.apache.catalina.core.ApplicationContext log
INFO: No Spring WebApplicationInitializer types detected on classpath
11 Sep, 2013 11:27:55 AM org.apache.catalina.core.ApplicationContext log
INFO: ContextListener: contextInitialized()
11 Sep, 2013 11:27:55 AM org.apache.catalina.core.ApplicationContext log
INFO: SessionListener: contextInitialized()
11 Sep, 2013 11:27:55 AM org.apache.catalina.core.ApplicationContext log
INFO: ContextListener: attributeAdded('org.apache.jasper.compiler.TldLocationsCache', 'org.apache.jasper.compiler.TldLocationsCache@3b93d548')
11 Sep, 2013 11:28:17 AM org.apache.catalina.core.ApplicationContext log
INFO: No Spring WebApplicationInitializer types detected on classpath
11 Sep, 2013 11:29:17 AM org.apache.catalina.core.ApplicationContext log
INFO: SessionListener: contextDestroyed()
11 Sep, 2013 11:29:17 AM org.apache.catalina.core.ApplicationContext log
INFO: ContextListener: contextDestroyed()
